2023-04-14 11:58:18,361 [INFO] Activator:176 - 


2023-04-14 11:58:18,361 [INFO] Activator:177 - !SESSION log4j initialized
2023-04-14 11:58:22,901 [INFO] LogOutputStream:77 - [STDOUT_REDIRECT] 
2023-04-14 11:58:46,574 [ERROR] LogOutputStream:75 - [STDERR_REDIRECT] SLF4J: Failed to load class "org.slf4j.impl.StaticLoggerBinder".
2023-04-14 11:58:46,574 [ERROR] LogOutputStream:75 - [STDERR_REDIRECT] SLF4J: Defaulting to no-operation (NOP) logger implementation
2023-04-14 11:58:46,579 [ERROR] LogOutputStream:75 - [STDERR_REDIRECT] SLF4J: See http://www.slf4j.org/codes.html#StaticLoggerBinder for further details.
2023-04-14 11:58:49,769 [INFO] ApplicationProperties:184 - Using Application install path: C:\ST\STM32CubeIDE_1.12.0\STM32CubeIDE\plugins\com.st.stm32cube.common.mx_6.8.0.202302231600
2023-04-14 11:58:49,799 [INFO] DbMcusXml:78 - Set database path to: C:\ST\STM32CubeIDE_1.12.0\STM32CubeIDE\plugins\com.st.stm32cube.common.mx_6.8.0.202302231600\\db\/mcu/
2023-04-14 11:58:49,799 [INFO] ApiDb:274 - Set plugin database path to: C:\ST\STM32CubeIDE_1.12.0\STM32CubeIDE\plugins\com.st.stm32cube.common.mx_6.8.0.202302231600\\db\/plugins/boardmanager/
2023-04-14 11:58:49,805 [WARN] ApiDb:259 - Overriding images path with different value:  => C:\ST\STM32CubeIDE_1.12.0\STM32CubeIDE\plugins\com.st.stm32cube.common.mx_6.8.0.202302231600\\db\/plugins/mcufinder/images/
2023-04-14 11:58:52,538 [WARN] ApiFinderProperties:113 - C:\Users\debugalizer\.stmcufinder\plugins\mcufinder\mcu\mcuFinder.mfd doesn't exist
2023-04-14 11:58:52,538 [INFO] ApiDb:250 - Set database path to: C:\Users\debugalizer\.stmcufinder\plugins\mcufinder//mcu/
2023-04-14 11:58:52,538 [INFO] DbMcusAds:125 - Set database path to: C:\Users\debugalizer\.stmcufinder\plugins\mcufinder//mcu/
2023-04-14 11:58:52,690 [INFO] CrossReferenceDbSqlite:203 - Set database path to: C:\Users\debugalizer\.stmcufinder\plugins\mcufinder//mcu/cs/
2023-04-14 11:58:52,873 [INFO] RulesReader:64 - Compatibility file has been processed (293 Rules)
2023-04-14 11:58:53,036 [INFO] DbMcusXml:78 - Set database path to: C:\ST\STM32CubeIDE_1.12.0\STM32CubeIDE\plugins\com.st.stm32cube.common.mx_6.8.0.202302231600\\db\/mcu/
2023-04-14 11:58:53,036 [INFO] ApiDb:274 - Set plugin database path to: C:\ST\STM32CubeIDE_1.12.0\STM32CubeIDE\plugins\com.st.stm32cube.common.mx_6.8.0.202302231600\\db\/plugins/boardmanager/
2023-04-14 11:58:53,036 [INFO] ApiDb:261 - Set plugin images path to: C:\ST\STM32CubeIDE_1.12.0\STM32CubeIDE\plugins\com.st.stm32cube.common.mx_6.8.0.202302231600\\db\/plugins/mcufinder/images/
2023-04-14 11:58:53,036 [WARN] DbFile:41 - Overriding database path with different value: C:\Users\debugalizer\.stmcufinder\plugins\mcufinder/ => C:\Users\debugalizer\.stmcufinder\plugins\mcufinder
2023-04-14 11:58:53,036 [INFO] ApiDb:250 - Set database path to: C:\Users\debugalizer\.stmcufinder\plugins\mcufinder//mcu/
2023-04-14 11:58:53,036 [WARN] DbFile:41 - Overriding database path with different value: C:\Users\debugalizer\.stmcufinder\plugins\mcufinder/ => C:\Users\debugalizer\.stmcufinder\plugins\mcufinder
2023-04-14 11:58:53,036 [INFO] DbMcusAds:125 - Set database path to: C:\Users\debugalizer\.stmcufinder\plugins\mcufinder//mcu/
2023-04-14 11:58:53,036 [WARN] DbFile:41 - Overriding database path with different value: C:\Users\debugalizer\.stmcufinder\plugins\mcufinder/ => C:\Users\debugalizer\.stmcufinder\plugins\mcufinder
2023-04-14 11:58:53,036 [WARN] DbFile:41 - Overriding database path with different value: C:\Users\debugalizer\.stmcufinder\plugins\mcufinder/ => C:\Users\debugalizer\.stmcufinder\plugins\mcufinder
2023-04-14 11:58:53,036 [INFO] CrossReferenceDbSqlite:203 - Set database path to: C:\Users\debugalizer\.stmcufinder\plugins\mcufinder//mcu/cs/
2023-04-14 11:58:53,186 [INFO] MainPanel:253 - HeapMemory: 268435456
2023-04-14 11:58:53,379 [INFO] DbMcusXml:78 - Set database path to: C:\ST\STM32CubeIDE_1.12.0\STM32CubeIDE\plugins\com.st.stm32cube.common.mx_6.8.0.202302231600\\db\/mcu/
2023-04-14 11:58:53,379 [INFO] ApiDb:274 - Set plugin database path to: C:\ST\STM32CubeIDE_1.12.0\STM32CubeIDE\plugins\com.st.stm32cube.common.mx_6.8.0.202302231600\\db\/plugins/boardmanager/
2023-04-14 11:58:53,379 [INFO] ApiDb:261 - Set plugin images path to: C:\ST\STM32CubeIDE_1.12.0\STM32CubeIDE\plugins\com.st.stm32cube.common.mx_6.8.0.202302231600\\db\/plugins/mcufinder/images/
2023-04-14 11:58:53,379 [WARN] DbFile:41 - Overriding database path with different value: C:\Users\debugalizer\.stmcufinder\plugins\mcufinder/ => C:\Users\debugalizer\.stmcufinder\plugins\mcufinder
2023-04-14 11:58:53,379 [INFO] ApiDb:250 - Set database path to: C:\Users\debugalizer\.stmcufinder\plugins\mcufinder//mcu/
2023-04-14 11:58:53,379 [WARN] DbFile:41 - Overriding database path with different value: C:\Users\debugalizer\.stmcufinder\plugins\mcufinder/ => C:\Users\debugalizer\.stmcufinder\plugins\mcufinder
2023-04-14 11:58:53,379 [INFO] DbMcusAds:125 - Set database path to: C:\Users\debugalizer\.stmcufinder\plugins\mcufinder//mcu/
2023-04-14 11:58:53,379 [WARN] DbFile:41 - Overriding database path with different value: C:\Users\debugalizer\.stmcufinder\plugins\mcufinder/ => C:\Users\debugalizer\.stmcufinder\plugins\mcufinder
2023-04-14 11:58:53,379 [WARN] DbFile:41 - Overriding database path with different value: C:\Users\debugalizer\.stmcufinder\plugins\mcufinder/ => C:\Users\debugalizer\.stmcufinder\plugins\mcufinder
2023-04-14 11:58:53,379 [INFO] CrossReferenceDbSqlite:203 - Set database path to: C:\Users\debugalizer\.stmcufinder\plugins\mcufinder//mcu/cs/
2023-04-14 11:58:53,415 [INFO] ApplicationProperties:184 - Using Application install path: C:\ST\STM32CubeIDE_1.12.0\STM32CubeIDE\plugins\com.st.stm32cube.common.mx_6.8.0.202302231600
2023-04-14 11:58:53,418 [INFO] PluginManage:196 - Search for loadable plugins [exclusion list=, ]
2023-04-14 11:58:53,422 [INFO] PluginManage:310 - Check plugin analytics
2023-04-14 11:58:53,765 [INFO] AnalyticsPlugin:253 - Accepted Software Licenses: 
2023-04-14 11:58:53,765 [INFO] AnalyticsPlugin:255 - Accepted CMSIS Pack Licenses: 
2023-04-14 11:58:53,765 [INFO] AnalyticsPlugin:257 - Accepted Firmware Licenses: 
2023-04-14 11:58:53,783 [INFO] PluginManage:359 - Loaded plugin analytics (category:tool,tabindex:-1)
2023-04-14 11:58:53,786 [INFO] PluginManage:310 - Check plugin cadmodel
2023-04-14 11:58:53,786 [INFO] CADModel:105 - Init CAD model plugin
2023-04-14 11:58:53,786 [INFO] PluginManage:359 - Loaded plugin cadmodel (category:power,tabindex:5)
2023-04-14 11:58:53,786 [INFO] PluginManage:310 - Check plugin clock
2023-04-14 11:58:53,806 [INFO] PluginManage:359 - Loaded plugin clock (category:base,tabindex:2)
2023-04-14 11:58:53,806 [INFO] PluginManage:310 - Check plugin ddr
2023-04-14 11:58:53,813 [INFO] PluginManage:359 - Loaded plugin ddr (category:tool,tabindex:6)
2023-04-14 11:58:53,813 [INFO] PluginManage:310 - Check plugin filemanager
2023-04-14 11:58:54,094 [INFO] PluginManage:359 - Loaded plugin filemanager (category:base,tabindex:10)
2023-04-14 11:58:54,094 [INFO] PluginManage:310 - Check plugin ipmanager
2023-04-14 11:58:54,114 [INFO] PluginManage:359 - Loaded plugin ipmanager (category:base,tabindex:5)
2023-04-14 11:58:54,114 [INFO] PluginManage:310 - Check plugin lpbam
2023-04-14 11:58:54,134 [INFO] PluginManage:359 - Loaded plugin lpbam (category:base,tabindex:0)
2023-04-14 11:58:54,134 [INFO] PluginManage:310 - Check plugin pinoutandconfiguration
2023-04-14 11:58:54,164 [INFO] PluginManage:359 - Loaded plugin pinoutandconfiguration (category:base,tabindex:1)
2023-04-14 11:58:54,164 [INFO] PluginManage:310 - Check plugin pinoutconfig
2023-04-14 11:58:54,375 [WARN] SupportedApi:132 - Cannot load RTOS API schema: s4s-elt-must-match.1: The content of 'definitions' must match (annotation?, (simpleType | complexType)?, (unique | key | keyref)*)). A problem was found starting at: attribute.
2023-04-14 11:58:54,630 [INFO] PluginManage:359 - Loaded plugin pinoutconfig (category:base,tabindex:0)
2023-04-14 11:58:54,630 [INFO] PluginManage:310 - Check plugin power
2023-04-14 11:58:54,654 [INFO] PluginManage:359 - Loaded plugin power (category:power,tabindex:4)
2023-04-14 11:58:54,654 [INFO] PluginManage:310 - Check plugin projectmanager
2023-04-14 11:58:54,688 [INFO] PluginManage:359 - Loaded plugin projectmanager (category:projectmanager,tabindex:3)
2023-04-14 11:58:54,688 [INFO] PluginManage:310 - Check plugin thirdparty
2023-04-14 11:58:54,908 [INFO] PluginManage:359 - Loaded plugin thirdparty (category:base,tabindex:-1)
2023-04-14 11:58:54,908 [INFO] PluginManage:310 - Check plugin tools
2023-04-14 11:58:54,908 [WARN] IntegrityCheckThread:84 - waiting for thirdparty lock release [integrity check]
2023-04-14 11:58:54,908 [INFO] IntegrityCheckThread:86 - entering critical section [integrity check]
2023-04-14 11:58:54,912 [INFO] PluginManage:359 - Loaded plugin tools (category:base,tabindex:7)
2023-04-14 11:58:54,912 [INFO] PluginManage:310 - Check plugin tutovideos
2023-04-14 11:58:54,912 [INFO] ThirdPartyUpdaterWithRetryManager:70 - Updater plugin not ready yet. [1/15]
2023-04-14 11:58:55,323 [INFO] PluginManage:359 - Loaded plugin tutovideos (category:base,tabindex:-1)
2023-04-14 11:58:55,324 [INFO] PluginManage:310 - Check plugin updater
2023-04-14 11:58:55,350 [INFO] PluginManage:359 - Loaded plugin updater (category:base,tabindex:12)
2023-04-14 11:58:55,352 [INFO] PluginManage:283 - PluginManage : Loaded plugins [15]
2023-04-14 11:58:55,833 [INFO] PinOutPanel:1499 - setPackage(No Configuration,No Configuration)
2023-04-14 11:58:55,954 [INFO] CADModel:165 - CPN selected for project level
2023-04-14 11:58:55,954 [INFO] CADModel:114 - Register for checkConnection events
2023-04-14 11:58:55,981 [INFO] IPUIPlugin:80 - create IPUIPlugin
2023-04-14 11:58:55,981 [INFO] PluginManager:220 - loadIPPluginJar : add adc
2023-04-14 11:58:55,987 [INFO] IPUIPlugin:80 - create IPUIPlugin
2023-04-14 11:58:55,987 [INFO] PluginManager:220 - loadIPPluginJar : add aes
2023-04-14 11:58:55,987 [INFO] IPUIPlugin:80 - create IPUIPlugin
2023-04-14 11:58:55,987 [INFO] PluginManager:220 - loadIPPluginJar : add can
2023-04-14 11:58:55,994 [INFO] IPUIPlugin:80 - create IPUIPlugin
2023-04-14 11:58:55,997 [INFO] PluginManager:220 - loadIPPluginJar : add comp
2023-04-14 11:58:55,999 [INFO] IPUIPlugin:80 - create IPUIPlugin
2023-04-14 11:58:55,999 [INFO] PluginManager:220 - loadIPPluginJar : add cryp
2023-04-14 11:58:55,999 [INFO] IPUIPlugin:80 - create IPUIPlugin
2023-04-14 11:58:55,999 [INFO] PluginManager:220 - loadIPPluginJar : add dfsdm
2023-04-14 11:58:56,012 [INFO] IPUIPlugin:80 - create IPUIPlugin
2023-04-14 11:58:56,012 [INFO] PluginManager:220 - loadIPPluginJar : add dma
2023-04-14 11:58:56,022 [INFO] IPUIPlugin:80 - create IPUIPlugin
2023-04-14 11:58:56,022 [INFO] PluginManager:220 - loadIPPluginJar : add dma3
2023-04-14 11:58:56,022 [INFO] IPUIPlugin:80 - create IPUIPlugin
2023-04-14 11:58:56,022 [INFO] PluginManager:220 - loadIPPluginJar : add fatfs
2023-04-14 11:58:56,030 [INFO] IPUIPlugin:80 - create IPUIPlugin
2023-04-14 11:58:56,030 [INFO] PluginManager:220 - loadIPPluginJar : add fmc
2023-04-14 11:58:56,041 [INFO] IPUIPlugin:80 - create IPUIPlugin
2023-04-14 11:58:56,041 [INFO] PluginManager:220 - loadIPPluginJar : add freertos
2023-04-14 11:58:56,041 [INFO] IPUIPlugin:80 - create IPUIPlugin
2023-04-14 11:58:56,041 [INFO] PluginManager:220 - loadIPPluginJar : add genericplugin
2023-04-14 11:58:56,049 [INFO] IPUIPlugin:80 - create IPUIPlugin
2023-04-14 11:58:56,049 [INFO] PluginManager:220 - loadIPPluginJar : add gfxmmu
2023-04-14 11:58:56,059 [INFO] IPUIPlugin:80 - create IPUIPlugin
2023-04-14 11:58:56,059 [INFO] PluginManager:220 - loadIPPluginJar : add gic
2023-04-14 11:58:56,069 [INFO] IPUIPlugin:80 - create IPUIPlugin
2023-04-14 11:58:56,069 [INFO] PluginManager:220 - loadIPPluginJar : add gpio
2023-04-14 11:58:56,075 [INFO] IPUIPlugin:80 - create IPUIPlugin
2023-04-14 11:58:56,075 [INFO] PluginManager:220 - loadIPPluginJar : add gtzc
2023-04-14 11:58:56,080 [INFO] IPUIPlugin:80 - create IPUIPlugin
2023-04-14 11:58:56,080 [INFO] PluginManager:220 - loadIPPluginJar : add hash
2023-04-14 11:58:56,086 [INFO] IPUIPlugin:80 - create IPUIPlugin
2023-04-14 11:58:56,086 [INFO] PluginManager:220 - loadIPPluginJar : add i2c
2023-04-14 11:58:56,091 [INFO] IPUIPlugin:80 - create IPUIPlugin
2023-04-14 11:58:56,091 [INFO] PluginManager:220 - loadIPPluginJar : add i2s
2023-04-14 11:58:56,091 [INFO] IPUIPlugin:80 - create IPUIPlugin
2023-04-14 11:58:56,091 [INFO] PluginManager:220 - loadIPPluginJar : add i3c
2023-04-14 11:58:56,101 [INFO] IPUIPlugin:80 - create IPUIPlugin
2023-04-14 11:58:56,101 [INFO] PluginManager:220 - loadIPPluginJar : add ipddr
2023-04-14 11:58:56,110 [INFO] IPUIPlugin:80 - create IPUIPlugin
2023-04-14 11:58:56,110 [INFO] PluginManager:220 - loadIPPluginJar : add linkedlist
2023-04-14 11:58:56,124 [INFO] IPUIPlugin:80 - create IPUIPlugin
2023-04-14 11:58:56,124 [INFO] PluginManager:220 - loadIPPluginJar : add lorawan
2023-04-14 11:58:56,127 [INFO] IPUIPlugin:80 - create IPUIPlugin
2023-04-14 11:58:56,128 [INFO] PluginManager:220 - loadIPPluginJar : add ltdc
2023-04-14 11:58:56,140 [INFO] IPUIPlugin:80 - create IPUIPlugin
2023-04-14 11:58:56,140 [INFO] PluginManager:220 - loadIPPluginJar : add mdma
2023-04-14 11:58:56,150 [INFO] IPUIPlugin:80 - create IPUIPlugin
2023-04-14 11:58:56,152 [INFO] PluginManager:220 - loadIPPluginJar : add nvic
2023-04-14 11:58:56,154 [INFO] IPUIPlugin:80 - create IPUIPlugin
2023-04-14 11:58:56,154 [INFO] PluginManager:220 - loadIPPluginJar : add opamp
2023-04-14 11:58:56,161 [INFO] IPUIPlugin:80 - create IPUIPlugin
2023-04-14 11:58:56,161 [INFO] PluginManager:220 - loadIPPluginJar : add openamp
2023-04-14 11:58:56,164 [INFO] IPUIPlugin:80 - create IPUIPlugin
2023-04-14 11:58:56,164 [INFO] PluginManager:220 - loadIPPluginJar : add pdm2pcm
2023-04-14 11:58:56,178 [INFO] IPUIPlugin:80 - create IPUIPlugin
2023-04-14 11:58:56,184 [INFO] PluginManager:220 - loadIPPluginJar : add plateformsettings
2023-04-14 11:58:56,184 [INFO] IPUIPlugin:80 - create IPUIPlugin
2023-04-14 11:58:56,184 [INFO] PluginManager:220 - loadIPPluginJar : add quadspi
2023-04-14 11:58:56,191 [INFO] IPUIPlugin:80 - create IPUIPlugin
2023-04-14 11:58:56,191 [INFO] PluginManager:220 - loadIPPluginJar : add resmgrutility
2023-04-14 11:58:56,199 [INFO] IPUIPlugin:80 - create IPUIPlugin
2023-04-14 11:58:56,199 [INFO] PluginManager:220 - loadIPPluginJar : add sai
2023-04-14 11:58:56,203 [INFO] IPUIPlugin:80 - create IPUIPlugin
2023-04-14 11:58:56,203 [INFO] PluginManager:220 - loadIPPluginJar : add spi
2023-04-14 11:58:56,212 [INFO] IPUIPlugin:80 - create IPUIPlugin
2023-04-14 11:58:56,212 [INFO] PluginManager:220 - loadIPPluginJar : add stm32_wpan
2023-04-14 11:58:56,212 [INFO] IPUIPlugin:80 - create IPUIPlugin
2023-04-14 11:58:56,212 [INFO] PluginManager:220 - loadIPPluginJar : add tim
2023-04-14 11:58:56,222 [INFO] IPUIPlugin:80 - create IPUIPlugin
2023-04-14 11:58:56,222 [INFO] PluginManager:220 - loadIPPluginJar : add touchsensing
2023-04-14 11:58:56,225 [INFO] IPUIPlugin:80 - create IPUIPlugin
2023-04-14 11:58:56,225 [INFO] PluginManager:220 - loadIPPluginJar : add tracer_emb
2023-04-14 11:58:56,229 [INFO] IPUIPlugin:80 - create IPUIPlugin
2023-04-14 11:58:56,229 [INFO] PluginManager:220 - loadIPPluginJar : add ts
2023-04-14 11:58:56,230 [INFO] IPUIPlugin:80 - create IPUIPlugin
2023-04-14 11:58:56,232 [INFO] PluginManager:220 - loadIPPluginJar : add tsc
2023-04-14 11:58:56,235 [INFO] IPUIPlugin:80 - create IPUIPlugin
2023-04-14 11:58:56,235 [INFO] PluginManager:220 - loadIPPluginJar : add ucpd
2023-04-14 11:58:56,239 [INFO] IPUIPlugin:80 - create IPUIPlugin
2023-04-14 11:58:56,240 [INFO] PluginManager:220 - loadIPPluginJar : add usart
2023-04-14 11:58:56,242 [INFO] IPUIPlugin:80 - create IPUIPlugin
2023-04-14 11:58:56,242 [INFO] PluginManager:220 - loadIPPluginJar : add usbx
2023-04-14 11:58:56,440 [INFO] CADModel:165 - CPN selected for project level
2023-04-14 11:58:56,440 [INFO] CADModel:114 - Register for checkConnection events
2023-04-14 11:58:56,440 [FATAL] Updater:308 - Updater called before beeing initialized
2023-04-14 11:58:56,440 [ERROR] CADModel:125 - Updater not yet initialized, retry later 
2023-04-14 11:58:56,680 [INFO] CADModel:165 - CPN selected for project level
2023-04-14 11:58:56,690 [INFO] CADModel:114 - Register for checkConnection events
2023-04-14 11:58:56,690 [FATAL] Updater:308 - Updater called before beeing initialized
2023-04-14 11:58:56,690 [ERROR] CADModel:125 - Updater not yet initialized, retry later 
2023-04-14 11:58:56,690 [FATAL] Updater:308 - Updater called before beeing initialized
2023-04-14 11:58:56,913 [FATAL] Updater:308 - Updater called before beeing initialized
2023-04-14 11:58:56,923 [INFO] DbMcusAds:53 - JSON generation date=Thu Sep 30 09:55:09 EEST 2021 (1632984909247)
2023-04-14 11:58:56,923 [FATAL] Updater:308 - Updater called before beeing initialized
2023-04-14 11:58:57,005 [WARN] DetailPanel:346 - Failed to get advertising image, set to default
2023-04-14 11:58:57,216 [FATAL] Updater:308 - Updater called before beeing initialized
2023-04-14 11:58:57,226 [FATAL] Updater:308 - Updater called before beeing initialized
2023-04-14 11:58:57,226 [FATAL] Updater:308 - Updater called before beeing initialized
2023-04-14 11:58:57,226 [WARN] DetailPanel:346 - Failed to get advertising image, set to default
2023-04-14 11:58:57,226 [FATAL] Updater:308 - Updater called before beeing initialized
2023-04-14 11:58:57,326 [ERROR] Updater:1120 - MainUpdater not yet initialized. External WinMGr cannot be set.
2023-04-14 11:58:57,336 [INFO] Updater:1056 - Updater Version found : 6.8.0
2023-04-14 11:58:57,356 [INFO] ApplicationProperties:184 - Using Application install path: C:\ST\STM32CubeIDE_1.12.0\STM32CubeIDE\plugins\com.st.stm32cube.common.mx_6.8.0.202302231600
2023-04-14 11:58:57,427 [INFO] MainUpdater:519 - Copy updater definitions from MX database
2023-04-14 11:58:57,457 [INFO] MainUpdater:552 - Copy flag file definitions from MX database
2023-04-14 11:58:57,467 [INFO] MainUpdater:568 - Copy thirdparty index definitions from MX database
2023-04-14 11:58:57,467 [INFO] MainUpdater:587 - Copy default thirdparty db definitions from MX database
2023-04-14 11:58:57,537 [INFO] MainUpdater:2854 - connection check result : 10
2023-04-14 11:58:57,537 [INFO] MainUpdater:3548 - Updater definition file requires update
2023-04-14 11:58:57,547 [INFO] MainUpdater:283 - Updater Check For Update Now.
2023-04-14 11:58:57,547 [INFO] MicroXplorer:498 - Change Database Version : DB.6.0.80
2023-04-14 11:58:57,633 [INFO] ServerAccessManage:473 - Download File updaters.zip
2023-04-14 11:58:57,775 [INFO] FileExtend:240 - Unzip File : updaters.zip
2023-04-14 11:58:57,779 [INFO] FileExtend:255 - Standard Zip Deflate
2023-04-14 11:58:57,922 [WARN] MainUpdater:1187 - Updater busy. Cannot search thirdparties
2023-04-14 11:58:57,923 [INFO] ThirdPartyUpdaterWithRetryManager:96 - Updater plugin is busy. [1/15]
2023-04-14 11:58:58,576 [INFO] ServerAccessManage:473 - Download File PacksControlFlags.xml
2023-04-14 11:58:58,667 [INFO] ServerAccessManage:473 - Download File cubemx.pidx
2023-04-14 11:59:00,925 [WARN] MainUpdater:1187 - Updater busy. Cannot search thirdparties
2023-04-14 11:59:00,926 [INFO] ThirdPartyUpdaterWithRetryManager:96 - Updater plugin is busy. [2/15]
2023-04-14 11:59:03,013 [INFO] ServerAccessManage:473 - Download File STMicroelectronics.FP-ATR-ASTRA1.pdsc
2023-04-14 11:59:03,229 [INFO] ServerAccessManage:473 - Download File STMicroelectronics.FP-ATR-SIGFOX1.pdsc
2023-04-14 11:59:03,327 [INFO] ServerAccessManage:473 - Download File STMicroelectronics.X-CUBE-AI.pdsc
2023-04-14 11:59:03,927 [WARN] MainUpdater:1187 - Updater busy. Cannot search thirdparties
2023-04-14 11:59:03,927 [INFO] ThirdPartyUpdaterWithRetryManager:96 - Updater plugin is busy. [3/15]
2023-04-14 11:59:03,957 [INFO] ServerAccessManage:473 - Download File STMicroelectronics.X-CUBE-ALS.pdsc
2023-04-14 11:59:04,105 [INFO] ServerAccessManage:473 - Download File STMicroelectronics.X-CUBE-BLE1.pdsc
2023-04-14 11:59:04,747 [ERROR] ServerAccessManage:1089 - Problem, file not found on Server
2023-04-14 11:59:04,792 [INFO] ServerAccessManage:473 - Download File STMicroelectronics.X-CUBE-BLE2.pdsc
2023-04-14 11:59:05,199 [INFO] ServerAccessManage:473 - Download File STMicroelectronics.X-CUBE-BLEMGR.pdsc
2023-04-14 11:59:05,748 [INFO] ServerAccessManage:473 - Download File STMicroelectronics.X-CUBE-DISPLAY.pdsc
2023-04-14 11:59:06,069 [INFO] ServerAccessManage:473 - Download File STMicroelectronics.X-CUBE-EEPRMA1.pdsc
2023-04-14 11:59:06,243 [ERROR] ServerAccessManage:1089 - Problem, file not found on Server
2023-04-14 11:59:06,424 [INFO] ServerAccessManage:473 - Download File STMicroelectronics.X-CUBE-FREERTOS.pdsc
2023-04-14 11:59:06,665 [INFO] ServerAccessManage:473 - Download File STMicroelectronics.X-CUBE-GNSS1.pdsc
2023-04-14 11:59:06,933 [WARN] MainUpdater:1187 - Updater busy. Cannot search thirdparties
2023-04-14 11:59:06,933 [INFO] ThirdPartyUpdaterWithRetryManager:96 - Updater plugin is busy. [4/15]
2023-04-14 11:59:07,168 [ERROR] ServerAccessManage:1089 - Problem, file not found on Server
2023-04-14 11:59:07,301 [ERROR] ServerAccessManage:1089 - Problem, file not found on Server
2023-04-14 11:59:07,428 [ERROR] ServerAccessManage:1089 - Problem, file not found on Server
2023-04-14 11:59:07,559 [ERROR] ServerAccessManage:1089 - Problem, file not found on Server
2023-04-14 11:59:07,647 [ERROR] ServerAccessManage:1089 - Problem, file not found on Server
2023-04-14 11:59:07,771 [ERROR] ServerAccessManage:1089 - Problem, file not found on Server
2023-04-14 11:59:07,812 [INFO] ServerAccessManage:473 - Download File STMicroelectronics.X-CUBE-ISPU.pdsc
2023-04-14 11:59:07,959 [INFO] ServerAccessManage:473 - Download File STMicroelectronics.X-CUBE-MEMS1.pdsc
2023-04-14 11:59:09,617 [INFO] ServerAccessManage:473 - Download File STMicroelectronics.X-CUBE-NFC4.pdsc
2023-04-14 11:59:09,935 [WARN] MainUpdater:1187 - Updater busy. Cannot search thirdparties
2023-04-14 11:59:09,935 [INFO] ThirdPartyUpdaterWithRetryManager:96 - Updater plugin is busy. [5/15]
2023-04-14 11:59:10,517 [INFO] ServerAccessManage:473 - Download File STMicroelectronics.X-CUBE-NFC7.pdsc
2023-04-14 11:59:10,663 [INFO] ServerAccessManage:473 - Download File STMicroelectronics.X-CUBE-SFXS2LP1.pdsc
2023-04-14 11:59:10,914 [INFO] ServerAccessManage:473 - Download File STMicroelectronics.X-CUBE-SUBG2.pdsc
2023-04-14 11:59:11,426 [INFO] ServerAccessManage:473 - Download File STMicroelectronics.X-CUBE-SMBUS.pdsc
2023-04-14 11:59:11,613 [ERROR] ServerAccessManage:1089 - Problem, file not found on Server
2023-04-14 11:59:11,660 [INFO] ServerAccessManage:473 - Download File STMicroelectronics.X-CUBE-TOF1.pdsc
2023-04-14 11:59:12,079 [ERROR] ServerAccessManage:1089 - Problem, file not found on Server
2023-04-14 11:59:12,168 [INFO] ServerAccessManage:473 - Download File STMicroelectronics.X-CUBE-TOUCHGFX.pdsc
2023-04-14 11:59:12,937 [WARN] MainUpdater:1187 - Updater busy. Cannot search thirdparties
2023-04-14 11:59:12,937 [INFO] ThirdPartyUpdaterWithRetryManager:96 - Updater plugin is busy. [6/15]
2023-04-14 11:59:13,275 [ERROR] ServerAccessManage:1172 - Problem during Server Connection :  IO error Connection reset
2023-04-14 11:59:14,505 [INFO] ServerAccessManage:473 - Download File STMicroelectronics.X-CUBE-ALGOBUILD.pdsc
2023-04-14 11:59:15,093 [INFO] ServerAccessManage:473 - Download File STMicroelectronics.X-CUBE-AZRTOS-H7.pdsc
2023-04-14 11:59:15,939 [WARN] MainUpdater:1187 - Updater busy. Cannot search thirdparties
2023-04-14 11:59:15,939 [INFO] ThirdPartyUpdaterWithRetryManager:96 - Updater plugin is busy. [7/15]
2023-04-14 11:59:16,019 [INFO] ServerAccessManage:473 - Download File STMicroelectronics.X-CUBE-AZRTOS-F4.pdsc
2023-04-14 11:59:16,752 [INFO] ServerAccessManage:473 - Download File STMicroelectronics.X-CUBE-AZRTOS-F7.pdsc
2023-04-14 11:59:17,103 [INFO] ServerAccessManage:473 - Download File STMicroelectronics.X-CUBE-AZRTOS-L4.pdsc
2023-04-14 11:59:17,559 [INFO] ServerAccessManage:473 - Download File STMicroelectronics.X-CUBE-AZRTOS-L5.pdsc
2023-04-14 11:59:18,071 [INFO] ServerAccessManage:473 - Download File STMicroelectronics.X-CUBE-AZRTOS-G0.pdsc
2023-04-14 11:59:18,136 [INFO] MainUpdater:2854 - connection check result : 10
2023-04-14 11:59:18,945 [WARN] MainUpdater:1187 - Updater busy. Cannot search thirdparties
2023-04-14 11:59:18,949 [INFO] ThirdPartyUpdaterWithRetryManager:96 - Updater plugin is busy. [8/15]
2023-04-14 11:59:19,309 [INFO] ServerAccessManage:473 - Download File STMicroelectronics.X-CUBE-AZRTOS-G4.pdsc
2023-04-14 11:59:19,720 [INFO] ServerAccessManage:473 - Download File STMicroelectronics.X-CUBE-AZRTOS-WB.pdsc
2023-04-14 11:59:20,142 [INFO] ServerAccessManage:473 - Download File STMicroelectronics.X-CUBE-AZRTOS-WL.pdsc
2023-04-14 11:59:21,771 [INFO] ServerAccessManage:473 - Download File wolfSSL.I-CUBE-wolfSSL.pdsc
2023-04-14 11:59:21,950 [WARN] MainUpdater:1187 - Updater busy. Cannot search thirdparties
2023-04-14 11:59:21,950 [INFO] ThirdPartyUpdaterWithRetryManager:96 - Updater plugin is busy. [9/15]
2023-04-14 11:59:24,961 [WARN] MainUpdater:1187 - Updater busy. Cannot search thirdparties
2023-04-14 11:59:24,961 [INFO] ThirdPartyUpdaterWithRetryManager:96 - Updater plugin is busy. [10/15]
2023-04-14 11:59:25,407 [ERROR] ServerAccessManage:1089 - Problem, file not found on Server
2023-04-14 11:59:25,877 [ERROR] ServerAccessManage:1089 - Problem, file not found on Server
2023-04-14 11:59:26,341 [ERROR] ServerAccessManage:1089 - Problem, file not found on Server
2023-04-14 11:59:27,059 [ERROR] ServerAccessManage:1096 - Problem, Http access forbiden
2023-04-14 11:59:27,063 [ERROR] ServerAccessManage:651 - Problem, Http access forbiden : RoweBots.I-CUBE-UNISONRTOS.pdsc.
2023-04-14 11:59:27,280 [INFO] ServerAccessManage:473 - Download File SEGGER.I-CUBE-embOS.pdsc
2023-04-14 11:59:27,919 [INFO] ServerAccessManage:473 - Download File portGmbH.I-Cube-SoM-uGOAL.pdsc
2023-04-14 11:59:27,999 [WARN] MainUpdater:1187 - Updater busy. Cannot search thirdparties
2023-04-14 11:59:27,999 [INFO] ThirdPartyUpdaterWithRetryManager:96 - Updater plugin is busy. [11/15]
2023-04-14 11:59:28,352 [ERROR] ServerAccessManage:1089 - Problem, file not found on Server
2023-04-14 11:59:28,390 [ERROR] ServerAccessManage:1089 - Problem, file not found on Server
2023-04-14 11:59:28,430 [ERROR] ServerAccessManage:1089 - Problem, file not found on Server
2023-04-14 11:59:28,680 [INFO] ServerAccessManage:473 - Download File emotas.I-CUBE-CANOPEN.pdsc
2023-04-14 11:59:29,986 [INFO] ServerAccessManage:473 - Download File WES.I-CUBE-Cesium.pdsc
2023-04-14 11:59:31,001 [WARN] MainUpdater:1187 - Updater busy. Cannot search thirdparties
2023-04-14 11:59:31,001 [INFO] ThirdPartyUpdaterWithRetryManager:96 - Updater plugin is busy. [12/15]
2023-04-14 11:59:32,074 [ERROR] ServerAccessManage:1089 - Problem, file not found on Server
2023-04-14 11:59:32,808 [ERROR] ServerAccessManage:1089 - Problem, file not found on Server
2023-04-14 11:59:32,980 [WARN] CheckServerUpdateThread:151 - Open CheckUpdateFile Fail
2023-04-14 11:59:33,000 [WARN] PackLoader:240 - Cannot read IP mode file for STMicroelectronics.FP-ATR-ASTRA1.2.0.0
2023-04-14 11:59:33,014 [WARN] PackLoader:240 - Cannot read IP mode file for STMicroelectronics.FP-ATR-SIGFOX1.3.2.0
2023-04-14 11:59:33,023 [WARN] PackLoader:240 - Cannot read IP mode file for STMicroelectronics.X-CUBE-AI.8.0.0
2023-04-14 11:59:33,037 [WARN] PackLoader:240 - Cannot read IP mode file for STMicroelectronics.X-CUBE-ALS.1.0.1
2023-04-14 11:59:33,053 [WARN] PackLoader:240 - Cannot read IP mode file for STMicroelectronics.X-CUBE-BLE1.6.2.4
2023-04-14 11:59:33,065 [WARN] PackLoader:240 - Cannot read IP mode file for STMicroelectronics.X-CUBE-BLE2.3.3.0
2023-04-14 11:59:33,086 [WARN] PackLoader:240 - Cannot read IP mode file for STMicroelectronics.X-CUBE-BLEMGR.2.0.0
2023-04-14 11:59:33,120 [WARN] PackLoader:240 - Cannot read IP mode file for STMicroelectronics.X-CUBE-DISPLAY.3.0.0
2023-04-14 11:59:33,120 [INFO] CheckServerUpdateThread:120 - End of CheckServer Thread
2023-04-14 11:59:33,144 [WARN] PackLoader:240 - Cannot read IP mode file for STMicroelectronics.X-CUBE-EEPRMA1.4.1.0
2023-04-14 11:59:33,149 [INFO] McuFinderGlobals:66 - Set McuFinderConnectedMode to true
2023-04-14 11:59:33,167 [WARN] PackLoader:240 - Cannot read IP mode file for STMicroelectronics.X-CUBE-FREERTOS.1.0.1
2023-04-14 11:59:33,183 [WARN] PackLoader:240 - Cannot read IP mode file for STMicroelectronics.X-CUBE-GNSS1.6.0.0
2023-04-14 11:59:33,199 [WARN] PackLoader:240 - Cannot read IP mode file for STMicroelectronics.X-CUBE-ISPU.1.1.0
2023-04-14 11:59:33,347 [WARN] PackLoader:240 - Cannot read IP mode file for STMicroelectronics.X-CUBE-MEMS1.9.5.0
2023-04-14 11:59:33,632 [INFO] ServerAccessManage:473 - Download File mcusAds.json._tmp_
2023-04-14 11:59:33,734 [WARN] PackLoader:240 - Cannot read IP mode file for STMicroelectronics.X-CUBE-NFC4.3.0.0
2023-04-14 11:59:33,751 [WARN] PackLoader:240 - Cannot read IP mode file for STMicroelectronics.X-CUBE-NFC7.1.0.0
2023-04-14 11:59:33,759 [INFO] LoadUrlFilesThread:156 - End of LoadUrlFiles Thread
2023-04-14 11:59:33,767 [WARN] PackLoader:240 - Cannot read IP mode file for STMicroelectronics.X-CUBE-SFXS2LP1.4.0.0
2023-04-14 11:59:33,802 [WARN] PackLoader:240 - Cannot read IP mode file for STMicroelectronics.X-CUBE-SUBG2.5.0.0
2023-04-14 11:59:33,827 [WARN] PackLoader:240 - Cannot read IP mode file for STMicroelectronics.X-CUBE-SMBUS.2.1.0
2023-04-14 11:59:33,858 [WARN] PackLoader:240 - Cannot read IP mode file for STMicroelectronics.X-CUBE-TOF1.3.3.0
2023-04-14 11:59:33,924 [WARN] PackLoader:240 - Cannot read IP mode file for STMicroelectronics.X-CUBE-TOUCHGFX.4.21.3
2023-04-14 11:59:33,932 [WARN] PackLoader:240 - Cannot read IP mode file for STMicroelectronics.X-CUBE-ALGOBUILD.1.3.0
2023-04-14 11:59:33,967 [WARN] ConditionMgr:438 - getConditionDescription Invalid condition id : UX DEVICE CLASS RTOS Condition cause : null
2023-04-14 11:59:33,967 [WARN] ConditionMgr:438 - getConditionDescription Invalid condition id : UX DEVICE CLASS RTOS Condition cause : null
2023-04-14 11:59:33,976 [WARN] PackLoader:240 - Cannot read IP mode file for STMicroelectronics.X-CUBE-AZRTOS-H7.3.1.0
2023-04-14 11:59:33,978 [WARN] ConditionMgr:1039 - genDependencies : Invalid condition id : UX DEVICE CLASS RTOS Condition cause : null
2023-04-14 11:59:33,978 [WARN] ConditionMgr:1039 - genDependencies : Invalid condition id : UX DEVICE CLASS RTOS Condition cause : null
2023-04-14 11:59:33,978 [WARN] ConditionMgr:1039 - genDependencies : Invalid condition id : UX DEVICE CLASS RTOS Condition cause : null
2023-04-14 11:59:33,981 [WARN] ConditionMgr:1039 - genDependencies : Invalid condition id : UX DEVICE CLASS RTOS Condition cause : null
2023-04-14 11:59:33,981 [WARN] ConditionMgr:1039 - genDependencies : Invalid condition id : UX DEVICE CLASS RTOS Condition cause : null
2023-04-14 11:59:34,013 [WARN] MainUpdater:1187 - Updater busy. Cannot search thirdparties
2023-04-14 11:59:34,013 [WARN] PackLoader:240 - Cannot read IP mode file for STMicroelectronics.X-CUBE-AZRTOS-F4.1.1.0
2023-04-14 11:59:34,013 [INFO] ThirdPartyUpdaterWithRetryManager:96 - Updater plugin is busy. [13/15]
2023-04-14 11:59:34,071 [WARN] PackLoader:240 - Cannot read IP mode file for STMicroelectronics.X-CUBE-AZRTOS-F7.1.1.0
2023-04-14 11:59:34,111 [WARN] PackLoader:240 - Cannot read IP mode file for STMicroelectronics.X-CUBE-AZRTOS-L4.1.0.0
2023-04-14 11:59:34,132 [WARN] PackLoader:240 - Cannot read IP mode file for STMicroelectronics.X-CUBE-AZRTOS-L5.1.1.0
2023-04-14 11:59:34,154 [INFO] ServerAccessManage:473 - Download File cube-finder-db.zip
2023-04-14 11:59:34,164 [WARN] PackLoader:240 - Cannot read IP mode file for STMicroelectronics.X-CUBE-AZRTOS-G0.1.1.0
2023-04-14 11:59:34,184 [WARN] PackLoader:240 - Cannot read IP mode file for STMicroelectronics.X-CUBE-AZRTOS-G4.1.0.0
2023-04-14 11:59:34,209 [WARN] PackLoader:240 - Cannot read IP mode file for STMicroelectronics.X-CUBE-AZRTOS-WB.1.1.0
2023-04-14 11:59:34,233 [WARN] PackLoader:240 - Cannot read IP mode file for STMicroelectronics.X-CUBE-AZRTOS-WL.1.0.0
2023-04-14 11:59:34,241 [WARN] PackLoader:240 - Cannot read IP mode file for wolfSSL.I-CUBE-wolfSSL.5.6.0
2023-04-14 11:59:34,303 [WARN] PackLoader:240 - Cannot read IP mode file for SEGGER.I-CUBE-embOS.1.3.1
2023-04-14 11:59:34,453 [WARN] PackLoader:240 - Cannot read IP mode file for portGmbH.I-Cube-SoM-uGOAL.1.1.0
2023-04-14 11:59:34,462 [WARN] PackLoader:240 - Cannot read IP mode file for emotas.I-CUBE-CANOPEN.1.1.3
2023-04-14 11:59:34,470 [WARN] PackLoader:240 - Cannot read IP mode file for WES.I-CUBE-Cesium.1.3.0
2023-04-14 11:59:34,470 [INFO] PopulateThirdPartyThread:66 - Ending populate Thread
2023-04-14 11:59:34,478 [INFO] ThirdParty:1030 - CMSIS Pack Vendor :STMicroelectronics X-CUBE-ISPU 1.1.0
2023-04-14 11:59:34,478 [INFO] ThirdParty:1030 - CMSIS Pack Vendor :STMicroelectronics X-CUBE-DISPLAY 3.0.0
2023-04-14 11:59:34,478 [INFO] ThirdParty:1030 - CMSIS Pack Vendor :STMicroelectronics X-CUBE-GNSS1 6.0.0
2023-04-14 11:59:34,478 [INFO] ThirdParty:1030 - CMSIS Pack Vendor :STMicroelectronics X-CUBE-AZRTOS-F4 1.1.0
2023-04-14 11:59:34,478 [INFO] ThirdParty:1030 - CMSIS Pack Vendor :STMicroelectronics FP-ATR-SIGFOX1 3.2.0
2023-04-14 11:59:34,478 [INFO] ThirdParty:1030 - CMSIS Pack Vendor :STMicroelectronics X-CUBE-AZRTOS-G4 1.0.0
2023-04-14 11:59:34,478 [INFO] ThirdParty:1030 - CMSIS Pack Vendor :STMicroelectronics X-CUBE-SMBUS 2.1.0
2023-04-14 11:59:34,478 [INFO] ThirdParty:1030 - CMSIS Pack Vendor :STMicroelectronics X-CUBE-AZRTOS-L4 1.0.0
2023-04-14 11:59:34,478 [INFO] ThirdParty:1030 - CMSIS Pack Vendor :wolfSSL I-CUBE-wolfSSL 5.6.0
2023-04-14 11:59:34,478 [INFO] ThirdParty:1030 - CMSIS Pack Vendor :STMicroelectronics X-CUBE-AI 8.0.0
2023-04-14 11:59:34,478 [INFO] ThirdParty:1030 - CMSIS Pack Vendor :STMicroelectronics X-CUBE-FREERTOS 1.0.1
2023-04-14 11:59:34,478 [INFO] ThirdParty:1030 - CMSIS Pack Vendor :STMicroelectronics X-CUBE-NFC7 1.0.0
2023-04-14 11:59:34,478 [INFO] ThirdParty:1030 - CMSIS Pack Vendor :STMicroelectronics X-CUBE-TOUCHGFX 4.21.3
2023-04-14 11:59:34,478 [INFO] ThirdParty:1030 - CMSIS Pack Vendor :STMicroelectronics X-CUBE-AZRTOS-WL 1.0.0
2023-04-14 11:59:34,478 [INFO] ThirdParty:1030 - CMSIS Pack Vendor :STMicroelectronics X-CUBE-AZRTOS-F7 1.1.0
2023-04-14 11:59:34,478 [INFO] ThirdParty:1030 - CMSIS Pack Vendor :STMicroelectronics X-CUBE-ALS 1.0.1
2023-04-14 11:59:34,478 [INFO] ThirdParty:1030 - CMSIS Pack Vendor :STMicroelectronics X-CUBE-EEPRMA1 4.1.0
2023-04-14 11:59:34,478 [INFO] ThirdParty:1030 - CMSIS Pack Vendor :portGmbH I-Cube-SoM-uGOAL 1.1.0
2023-04-14 11:59:34,478 [INFO] ThirdParty:1030 - CMSIS Pack Vendor :STMicroelectronics X-CUBE-MEMS1 9.5.0
2023-04-14 11:59:34,478 [INFO] ThirdParty:1030 - CMSIS Pack Vendor :STMicroelectronics X-CUBE-AZRTOS-WB 1.1.0
2023-04-14 11:59:34,478 [INFO] ThirdParty:1030 - CMSIS Pack Vendor :STMicroelectronics X-CUBE-ALGOBUILD 1.3.0
2023-04-14 11:59:34,478 [INFO] ThirdParty:1030 - CMSIS Pack Vendor :SEGGER I-CUBE-embOS 1.3.1
2023-04-14 11:59:34,478 [INFO] ThirdParty:1030 - CMSIS Pack Vendor :STMicroelectronics X-CUBE-BLE1 6.2.4
2023-04-14 11:59:34,478 [INFO] ThirdParty:1030 - CMSIS Pack Vendor :STMicroelectronics X-CUBE-AZRTOS-L5 1.1.0
2023-04-14 11:59:34,478 [INFO] ThirdParty:1030 - CMSIS Pack Vendor :STMicroelectronics X-CUBE-AZRTOS-G0 1.1.0
2023-04-14 11:59:34,478 [INFO] ThirdParty:1030 - CMSIS Pack Vendor :emotas I-CUBE-CANOPEN 1.1.3
2023-04-14 11:59:34,478 [INFO] ThirdParty:1030 - CMSIS Pack Vendor :STMicroelectronics X-CUBE-BLEMGR 2.0.0
2023-04-14 11:59:34,478 [INFO] ThirdParty:1030 - CMSIS Pack Vendor :STMicroelectronics X-CUBE-NFC4 3.0.0
2023-04-14 11:59:34,478 [INFO] ThirdParty:1030 - CMSIS Pack Vendor :STMicroelectronics X-CUBE-SUBG2 5.0.0
2023-04-14 11:59:34,478 [INFO] ThirdParty:1030 - CMSIS Pack Vendor :STMicroelectronics FP-ATR-ASTRA1 2.0.0
2023-04-14 11:59:34,478 [INFO] ThirdParty:1030 - CMSIS Pack Vendor :WES I-CUBE-Cesium 1.3.0
2023-04-14 11:59:34,486 [INFO] ThirdParty:1030 - CMSIS Pack Vendor :STMicroelectronics X-CUBE-SFXS2LP1 4.0.0
2023-04-14 11:59:34,486 [INFO] ThirdParty:1030 - CMSIS Pack Vendor :STMicroelectronics X-CUBE-BLE2 3.3.0
2023-04-14 11:59:34,486 [INFO] ThirdParty:1030 - CMSIS Pack Vendor :STMicroelectronics X-CUBE-TOF1 3.3.0
2023-04-14 11:59:34,486 [INFO] ThirdParty:1030 - CMSIS Pack Vendor :STMicroelectronics X-CUBE-AZRTOS-H7 3.1.0
2023-04-14 11:59:34,487 [INFO] LoadServerUpdatesThread:373 - End of LoadServerUpdate Thread
2023-04-14 11:59:37,020 [WARN] MainUpdater:1187 - Updater busy. Cannot search thirdparties
2023-04-14 11:59:37,020 [INFO] ThirdPartyUpdaterWithRetryManager:96 - Updater plugin is busy. [14/15]
2023-04-14 11:59:37,885 [INFO] FileExtend:240 - Unzip File : cube-finder-db.zip
2023-04-14 11:59:37,885 [INFO] FileExtend:255 - Standard Zip Deflate
2023-04-14 11:59:38,917 [INFO] LoadUrlFilesThread:156 - End of LoadUrlFiles Thread
2023-04-14 11:59:39,496 [INFO] ServerAccessManage:473 - Download File crdb.zip
2023-04-14 11:59:39,842 [INFO] FileExtend:240 - Unzip File : crdb.zip
2023-04-14 11:59:39,842 [INFO] FileExtend:255 - Standard Zip Deflate
2023-04-14 11:59:39,984 [INFO] LoadUrlFilesThread:156 - End of LoadUrlFiles Thread
2023-04-14 11:59:40,021 [WARN] MainUpdater:1187 - Updater busy. Cannot search thirdparties
2023-04-14 11:59:40,021 [INFO] ThirdPartyUpdaterWithRetryManager:96 - Updater plugin is busy. [15/15]
2023-04-14 11:59:40,021 [ERROR] IntegrityCheckThread:130 - Cannot retrieve database content from updater: error -1
2023-04-14 11:59:40,021 [INFO] ThirdParty:978 - Integrity check success = false
2023-04-14 11:59:40,021 [INFO] IntegrityCheckThread:100 - exiting critical section [integrity check]
2023-04-14 11:59:40,021 [INFO] IntegrityCheckThread:103 - End integrity checks thread
2023-04-14 11:59:40,157 [INFO] ServerAccessManage:473 - Download File tutoVideoDB.zip
2023-04-14 11:59:40,165 [INFO] FileExtend:240 - Unzip File : tutoVideoDB.zip
2023-04-14 11:59:40,165 [INFO] FileExtend:255 - Standard Zip Deflate
2023-04-14 11:59:40,292 [INFO] LoadUrlFilesThread:156 - End of LoadUrlFiles Thread
2023-04-14 11:59:40,295 [WARN] DbFile:41 - Overriding database path with different value: C:\Users\debugalizer\.stmcufinder\plugins\mcufinder/ => C:\Users\debugalizer\.stmcufinder\plugins\mcufinder
2023-04-14 11:59:40,458 [INFO] ServerAccessManage:473 - Download File api_config.json
2023-04-14 11:59:40,579 [INFO] LoadUrlFilesThread:156 - End of LoadUrlFiles Thread
2023-04-14 11:59:40,587 [INFO] DbMcusAds:53 - JSON generation date=Tue Mar 07 10:50:55 EET 2023 (1678179055335)
2023-04-14 11:59:40,808 [INFO] ServerAccessManage:473 - Download File 
2023-04-14 11:59:40,865 [INFO] LoadUrlFilesThread:185 - End of LoadServerUrlFiles without Thread
2023-04-14 11:59:40,865 [INFO] TargetSelectorAdapter:259 - Refresh data is successful
2023-04-14 11:59:41,015 [INFO] ApiDb:581 - Connected to CubeFinder SQLite database (C:\Users\debugalizer\.stmcufinder\plugins\mcufinder\mcu\cube-finder-db.db)
2023-04-14 11:59:41,109 [INFO] ApiDb:668 - CubeFinder database Data Model version=2.1
2023-04-14 11:59:41,109 [INFO] ApiDb:669 - CubeFinder database Configuration version=3.0.35
2023-04-14 11:59:41,109 [INFO] ApiDb:670 - CubeFinder database generation date=2023-03-10 (1678456172)
2023-04-14 11:59:41,109 [INFO] ApiDb:671 - CubeFinder database FW Pack versions=[FP-ATR-ASTRA1_V1.1.1, STM32Cube_FW_C0_V1.0.1, STM32Cube_FW_F0_V1.11.4, STM32Cube_FW_F3_V1.11.4, STM32Cube_FW_F4_V1.27.1, STM32Cube_FW_F7_V1.17.0, STM32Cube_FW_G0_V1.6.1, STM32Cube_FW_G4_V1.5.1, STM32Cube_FW_H5_V0.5.1, STM32Cube_FW_H5_V1.0.0, STM32Cube_FW_H7_V1.11.0, STM32Cube_FW_L0_V1.12.2, STM32Cube_FW_L5_V1.5.0, STM32Cube_FW_U5_V1.2.0, STM32Cube_FW_WBA_V1.0.0, STM32Cube_FW_WBA_V1.0.0RC1, STM32Cube_FW_WBA_V1.0.0RC3, STM32Cube_FW_WB_V1.15.0RC1, STM32Cube_FW_WB_V1.16.0, STM32Cube_FW_WB_V1.16.0RC2, STM32Cube_FW_WL_V1.3.0, X-CUBE-ALGOBUILD_V1.3.0, X-CUBE-ALS_V1.0.1, X-CUBE-AZRTOS-F4_V1.1.0, X-CUBE-AZRTOS-F7_V1.1.0, X-CUBE-AZRTOS-G0_V1.1.0, X-CUBE-AZRTOS-G4_V1.0.0, X-CUBE-AZRTOS-H7_V3.0.0, X-CUBE-AZRTOS-L4_V1.0.0, X-CUBE-AZRTOS-L5_V1.1.0, X-CUBE-AZRTOS-WB_V1.1.0, X-CUBE-AZRTOS-WL_V1.0.0, X-CUBE-BLE1_V6.2.4, X-CUBE-BLE2_V3.3.0, X-CUBE-BLEMGR_V1.3.0, X-CUBE-EEPRMA1_V4.1.0, X-CUBE-GNSS1_V6.0.0, X-CUBE-MEMS1_V9.1.0, X-CUBE-MEMS1_V9.4.0, X-CUBE-MEMS1_V9.5.0, X-CUBE-NFC4_V3.0.0, X-CUBE-NFC7_V1.0.0, X-CUBE-SFXS2LP1_V4.0.0, X-CUBE-SUBG2_V5.0.0]
2023-04-14 11:59:45,116 [INFO] ApiDb:240 - Found 297 in-development CPN: [B-G473E-ZEST1S, B-WB1M-WPAN1, B-WL5M-SUBG1, NUCLEO-C031C6, NUCLEO-H503RB, NUCLEO-H563ZI, NUCLEO-U545RE-Q, NUCLEO-U5A5ZJ-Q, NUCLEO-WBA52CG, STEVAL-PROTEUS1, STEVAL-STWINBX1, STM320518-EVAL, STM32C0116-DK, STM32C011D6Y3TR, STM32C011D6Y6TR, STM32C011F4P3, STM32C011F4P6, STM32C011F4U3, STM32C011F4U6TR, STM32C011F6P3, STM32C011F6P6, STM32C011F6U3, STM32C011F6U6TR, STM32C011J4M3, STM32C011J4M6, STM32C011J6M3, STM32C011J6M6, STM32C0316-DK, STM32C031C4T3, STM32C031C4T6, STM32C031C4U3, STM32C031C4U6, STM32C031C6T3, STM32C031C6T6, STM32C031C6U3, STM32C031C6U6, STM32C031F4P3, STM32C031F4P6, STM32C031F6P3, STM32C031F6P6, STM32C031G4U3, STM32C031G4U6, STM32C031G6U3, STM32C031G6U6, STM32C031K4T3, STM32C031K4T6, STM32C031K4U3, STM32C031K4U6, STM32C031K6T3, STM32C031K6T6, STM32C031K6U3, STM32C031K6U6, STM32G071K8TXN, STM32G071K8UXN, STM32G081GBU6N, STM32G081KBT6N, STM32G081KBUXN, STM32G0B1CCT6N, STM32G0B1KCT6, STM32G0B1NEY6TR, STM32G0B1RCT6N, STM32G0C1CCT6, STM32G0C1CCT6N, STM32G0C1CCU6N, STM32G0C1CET6N, STM32G0C1CEU6N, STM32G0C1KCT6, STM32G0C1NEY6TR, STM32G0C1RCI6N, STM32G0C1RCT6N, STM32G0C1REI6N, STM32G0C1RET6N, STM32G0C1VCI6, STM32G0C1VEI6, STM32G471CCT6, STM32G471CCU6, STM32G471CET3, STM32G471CET6, STM32G471CEU3, STM32G471CEU6, STM32G471MCT6, STM32G471MET3, STM32G471MET6, STM32G471MEY6TR, STM32G471QCT6, STM32G471QET3, STM32G471RCT6, STM32G471RET3, STM32G471RET6, STM32G471VCH6, STM32G471VCI6, STM32G471VCT6, STM32G471VEH3, STM32G471VEH6, STM32G471VEI3, STM32G471VEI6, STM32G471VET3, STM32G471VET6, STM32G474CCT6, STM32H503CBT6, STM32H503CBU6, STM32H503EBY6TR, STM32H503KBU6, STM32H503RBT6, STM32H562AGI6, STM32H562AII6, STM32H562IGK6, STM32H562IGT6, STM32H562IIK6, STM32H562IIT6, STM32H562RGT6, STM32H562RGV6, STM32H562RIT6, STM32H562RIV6, STM32H562VGT6, STM32H562VIT6, STM32H562ZGT6, STM32H562ZIT6, STM32H563AGI6, STM32H563AII3Q, STM32H563AII6, STM32H563IGK6, STM32H563IGT6, STM32H563IIK3Q, STM32H563IIK6, STM32H563IIT3Q, STM32H563IIT6, STM32H563MIY3QTR, STM32H563RGT6, STM32H563RGV6, STM32H563RIT6, STM32H563RIV6, STM32H563VGT6, STM32H563VIT3Q, STM32H563VIT6, STM32H563ZGT6, STM32H563ZIT3Q, STM32H563ZIT6, STM32H573AII3Q, STM32H573AII6, STM32H573I-DK, STM32H573IIK3Q, STM32H573IIK6, STM32H573IIT3Q, STM32H573IIT6, STM32H573MIY3QTR, STM32H573RIT6, STM32H573RIV6, STM32H573VIT3Q, STM32H573VIT6, STM32H573ZIT3Q, STM32H573ZIT6, STM32L4R5QGI6STR, STM32MP131AAE3, STM32MP131AAF3, STM32MP131AAG3, STM32MP131CAE3, STM32MP131CAF3, STM32MP131CAG3, STM32MP131DAE7, STM32MP131DAF7, STM32MP131DAG7, STM32MP131FAE7, STM32MP131FAF7, STM32MP131FAG7, STM32MP133AAE3, STM32MP133AAF3, STM32MP133AAG3, STM32MP133CAE3, STM32MP133CAF3, STM32MP133CAG3, STM32MP133DAE7, STM32MP133DAF7, STM32MP133DAG7, STM32MP133FAE7, STM32MP133FAF7, STM32MP133FAG7, STM32MP135AAE3, STM32MP135AAF3, STM32MP135AAG3, STM32MP135CAE3, STM32MP135CAF3, STM32MP135CAG3, STM32MP135DAE7, STM32MP135DAF7, STM32MP135DAG7, STM32MP135F-DK, STM32MP135FAE7, STM32MP135FAF7, STM32MP135FAF7T, STM32MP135FAF7U, STM32MP135FAG7, STM32U535CBT6, STM32U535CBT6Q, STM32U535CBU6, STM32U535CBU6Q, STM32U535CCT6, STM32U535CCT6Q, STM32U535CCU6, STM32U535CCU6Q, STM32U535CET6, STM32U535CET6Q, STM32U535CEU6, STM32U535CEU6Q, STM32U535JEY6QTR, STM32U535NCY6QTR, STM32U535NEY6QTR, STM32U535RBI6, STM32U535RBI6Q, STM32U535RBT6, STM32U535RBT6Q, STM32U535RCI6, STM32U535RCI6Q, STM32U535RCT6, STM32U535RCT6Q, STM32U535REI6, STM32U535REI6Q, STM32U535RET6, STM32U535RET6Q, STM32U535VCI6, STM32U535VCI6Q, STM32U535VCT6, STM32U535VCT6Q, STM32U535VEI6, STM32U535VEI6Q, STM32U535VET6, STM32U535VET6Q, STM32U545CET6, STM32U545CET6Q, STM32U545CEU6, STM32U545CEU6Q, STM32U545JEY6QTR, STM32U545NEY6QTR, STM32U545REI6, STM32U545REI6Q, STM32U545RET6, STM32U545RET6Q, STM32U545VEI6, STM32U545VEI6Q, STM32U545VET6, STM32U545VET6Q, STM32U595AIH6, STM32U595AIH6Q, STM32U595AJH6, STM32U595AJH6Q, STM32U595QII6, STM32U595QII6Q, STM32U595QJI6, STM32U595QJI6Q, STM32U595RIT6, STM32U595RIT6Q, STM32U595RJT6, STM32U595RJT6Q, STM32U595VIT6, STM32U595VIT6Q, STM32U595VJT6, STM32U595VJT6Q, STM32U595ZIT6, STM32U595ZIT6Q, STM32U595ZIY6QTR, STM32U595ZJT6, STM32U595ZJT6Q, STM32U595ZJY6QTR, STM32U599BJY6QTR, STM32U599NIH6Q, STM32U599NJH6Q, STM32U599VIT6Q, STM32U599VJT6, STM32U599VJT6Q, STM32U599ZIT6Q, STM32U599ZIY6QTR, STM32U599ZJT6Q, STM32U599ZJY6QTR, STM32U5A5AJH6, STM32U5A5AJH6Q, STM32U5A5QJI6, STM32U5A5QJI6Q, STM32U5A5RJT6, STM32U5A5RJT6Q, STM32U5A5VJT6, STM32U5A5VJT6Q, STM32U5A5ZJT6, STM32U5A5ZJT6Q, STM32U5A5ZJY6QTR, STM32U5A9BJY6QTR, STM32U5A9J-DK, STM32U5A9NJH6Q, STM32U5A9VJT6Q, STM32U5A9ZJT6Q, STM32U5A9ZJY6QTR, STM32WB1MMCH6, STM32WBA52CEU6, STM32WBA52CEU6T, STM32WBA52CGU6, STM32WBA52CGU6T, STM32WL5MOCH6, STM32WL5MOCH6TR]
2023-04-14 11:59:45,124 [INFO] DbMcus:216 - Found 3775 MCUs, 3775 are supported
2023-04-14 11:59:45,124 [INFO] ApiDb:414 - User favorites file not found: C:\Users\debugalizer/.stm32cubeide/favorites.mcus.txt
2023-04-14 11:59:45,124 [INFO] DbMcus:222 - Set 0 / 0 favorites MCUs
2023-04-14 11:59:45,702 [INFO] ApiDb:668 - CubeFinder database Data Model version=2.1
2023-04-14 11:59:45,702 [INFO] ApiDb:669 - CubeFinder database Configuration version=3.0.35
2023-04-14 11:59:45,702 [INFO] ApiDb:670 - CubeFinder database generation date=2023-03-10 (1678456172)
2023-04-14 11:59:45,703 [INFO] ApiDb:671 - CubeFinder database FW Pack versions=[FP-ATR-ASTRA1_V1.1.1, STM32Cube_FW_C0_V1.0.1, STM32Cube_FW_F0_V1.11.4, STM32Cube_FW_F3_V1.11.4, STM32Cube_FW_F4_V1.27.1, STM32Cube_FW_F7_V1.17.0, STM32Cube_FW_G0_V1.6.1, STM32Cube_FW_G4_V1.5.1, STM32Cube_FW_H5_V0.5.1, STM32Cube_FW_H5_V1.0.0, STM32Cube_FW_H7_V1.11.0, STM32Cube_FW_L0_V1.12.2, STM32Cube_FW_L5_V1.5.0, STM32Cube_FW_U5_V1.2.0, STM32Cube_FW_WBA_V1.0.0, STM32Cube_FW_WBA_V1.0.0RC1, STM32Cube_FW_WBA_V1.0.0RC3, STM32Cube_FW_WB_V1.15.0RC1, STM32Cube_FW_WB_V1.16.0, STM32Cube_FW_WB_V1.16.0RC2, STM32Cube_FW_WL_V1.3.0, X-CUBE-ALGOBUILD_V1.3.0, X-CUBE-ALS_V1.0.1, X-CUBE-AZRTOS-F4_V1.1.0, X-CUBE-AZRTOS-F7_V1.1.0, X-CUBE-AZRTOS-G0_V1.1.0, X-CUBE-AZRTOS-G4_V1.0.0, X-CUBE-AZRTOS-H7_V3.0.0, X-CUBE-AZRTOS-L4_V1.0.0, X-CUBE-AZRTOS-L5_V1.1.0, X-CUBE-AZRTOS-WB_V1.1.0, X-CUBE-AZRTOS-WL_V1.0.0, X-CUBE-BLE1_V6.2.4, X-CUBE-BLE2_V3.3.0, X-CUBE-BLEMGR_V1.3.0, X-CUBE-EEPRMA1_V4.1.0, X-CUBE-GNSS1_V6.0.0, X-CUBE-MEMS1_V9.1.0, X-CUBE-MEMS1_V9.4.0, X-CUBE-MEMS1_V9.5.0, X-CUBE-NFC4_V3.0.0, X-CUBE-NFC7_V1.0.0, X-CUBE-SFXS2LP1_V4.0.0, X-CUBE-SUBG2_V5.0.0]
2023-04-14 11:59:45,833 [INFO] DbBoardsSqlite:226 - include board P-NUCLEO-WB55-NUCLEO as a kit item of type 'Nucleo-64'
2023-04-14 11:59:45,833 [INFO] DbBoardsSqlite:226 - include board P-NUCLEO-WB55-USBDONGLE as a kit item of type 'Nucleo USB Dongle'
2023-04-14 11:59:45,833 [INFO] DbBoardsSqlite:226 - include board STEVAL-IDP005V1 as a kit item of type 'Evaluation Board'
2023-04-14 11:59:45,833 [INFO] DbBoardsSqlite:226 - include board STEVAL-IDP005V2 as a kit item of type 'Evaluation Board'
2023-04-14 11:59:45,931 [INFO] ApiDb:240 - Found 297 in-development CPN: [B-G473E-ZEST1S, B-WB1M-WPAN1, B-WL5M-SUBG1, NUCLEO-C031C6, NUCLEO-H503RB, NUCLEO-H563ZI, NUCLEO-U545RE-Q, NUCLEO-U5A5ZJ-Q, NUCLEO-WBA52CG, STEVAL-PROTEUS1, STEVAL-STWINBX1, STM320518-EVAL, STM32C0116-DK, STM32C011D6Y3TR, STM32C011D6Y6TR, STM32C011F4P3, STM32C011F4P6, STM32C011F4U3, STM32C011F4U6TR, STM32C011F6P3, STM32C011F6P6, STM32C011F6U3, STM32C011F6U6TR, STM32C011J4M3, STM32C011J4M6, STM32C011J6M3, STM32C011J6M6, STM32C0316-DK, STM32C031C4T3, STM32C031C4T6, STM32C031C4U3, STM32C031C4U6, STM32C031C6T3, STM32C031C6T6, STM32C031C6U3, STM32C031C6U6, STM32C031F4P3, STM32C031F4P6, STM32C031F6P3, STM32C031F6P6, STM32C031G4U3, STM32C031G4U6, STM32C031G6U3, STM32C031G6U6, STM32C031K4T3, STM32C031K4T6, STM32C031K4U3, STM32C031K4U6, STM32C031K6T3, STM32C031K6T6, STM32C031K6U3, STM32C031K6U6, STM32G071K8TXN, STM32G071K8UXN, STM32G081GBU6N, STM32G081KBT6N, STM32G081KBUXN, STM32G0B1CCT6N, STM32G0B1KCT6, STM32G0B1NEY6TR, STM32G0B1RCT6N, STM32G0C1CCT6, STM32G0C1CCT6N, STM32G0C1CCU6N, STM32G0C1CET6N, STM32G0C1CEU6N, STM32G0C1KCT6, STM32G0C1NEY6TR, STM32G0C1RCI6N, STM32G0C1RCT6N, STM32G0C1REI6N, STM32G0C1RET6N, STM32G0C1VCI6, STM32G0C1VEI6, STM32G471CCT6, STM32G471CCU6, STM32G471CET3, STM32G471CET6, STM32G471CEU3, STM32G471CEU6, STM32G471MCT6, STM32G471MET3, STM32G471MET6, STM32G471MEY6TR, STM32G471QCT6, STM32G471QET3, STM32G471RCT6, STM32G471RET3, STM32G471RET6, STM32G471VCH6, STM32G471VCI6, STM32G471VCT6, STM32G471VEH3, STM32G471VEH6, STM32G471VEI3, STM32G471VEI6, STM32G471VET3, STM32G471VET6, STM32G474CCT6, STM32H503CBT6, STM32H503CBU6, STM32H503EBY6TR, STM32H503KBU6, STM32H503RBT6, STM32H562AGI6, STM32H562AII6, STM32H562IGK6, STM32H562IGT6, STM32H562IIK6, STM32H562IIT6, STM32H562RGT6, STM32H562RGV6, STM32H562RIT6, STM32H562RIV6, STM32H562VGT6, STM32H562VIT6, STM32H562ZGT6, STM32H562ZIT6, STM32H563AGI6, STM32H563AII3Q, STM32H563AII6, STM32H563IGK6, STM32H563IGT6, STM32H563IIK3Q, STM32H563IIK6, STM32H563IIT3Q, STM32H563IIT6, STM32H563MIY3QTR, STM32H563RGT6, STM32H563RGV6, STM32H563RIT6, STM32H563RIV6, STM32H563VGT6, STM32H563VIT3Q, STM32H563VIT6, STM32H563ZGT6, STM32H563ZIT3Q, STM32H563ZIT6, STM32H573AII3Q, STM32H573AII6, STM32H573I-DK, STM32H573IIK3Q, STM32H573IIK6, STM32H573IIT3Q, STM32H573IIT6, STM32H573MIY3QTR, STM32H573RIT6, STM32H573RIV6, STM32H573VIT3Q, STM32H573VIT6, STM32H573ZIT3Q, STM32H573ZIT6, STM32L4R5QGI6STR, STM32MP131AAE3, STM32MP131AAF3, STM32MP131AAG3, STM32MP131CAE3, STM32MP131CAF3, STM32MP131CAG3, STM32MP131DAE7, STM32MP131DAF7, STM32MP131DAG7, STM32MP131FAE7, STM32MP131FAF7, STM32MP131FAG7, STM32MP133AAE3, STM32MP133AAF3, STM32MP133AAG3, STM32MP133CAE3, STM32MP133CAF3, STM32MP133CAG3, STM32MP133DAE7, STM32MP133DAF7, STM32MP133DAG7, STM32MP133FAE7, STM32MP133FAF7, STM32MP133FAG7, STM32MP135AAE3, STM32MP135AAF3, STM32MP135AAG3, STM32MP135CAE3, STM32MP135CAF3, STM32MP135CAG3, STM32MP135DAE7, STM32MP135DAF7, STM32MP135DAG7, STM32MP135F-DK, STM32MP135FAE7, STM32MP135FAF7, STM32MP135FAF7T, STM32MP135FAF7U, STM32MP135FAG7, STM32U535CBT6, STM32U535CBT6Q, STM32U535CBU6, STM32U535CBU6Q, STM32U535CCT6, STM32U535CCT6Q, STM32U535CCU6, STM32U535CCU6Q, STM32U535CET6, STM32U535CET6Q, STM32U535CEU6, STM32U535CEU6Q, STM32U535JEY6QTR, STM32U535NCY6QTR, STM32U535NEY6QTR, STM32U535RBI6, STM32U535RBI6Q, STM32U535RBT6, STM32U535RBT6Q, STM32U535RCI6, STM32U535RCI6Q, STM32U535RCT6, STM32U535RCT6Q, STM32U535REI6, STM32U535REI6Q, STM32U535RET6, STM32U535RET6Q, STM32U535VCI6, STM32U535VCI6Q, STM32U535VCT6, STM32U535VCT6Q, STM32U535VEI6, STM32U535VEI6Q, STM32U535VET6, STM32U535VET6Q, STM32U545CET6, STM32U545CET6Q, STM32U545CEU6, STM32U545CEU6Q, STM32U545JEY6QTR, STM32U545NEY6QTR, STM32U545REI6, STM32U545REI6Q, STM32U545RET6, STM32U545RET6Q, STM32U545VEI6, STM32U545VEI6Q, STM32U545VET6, STM32U545VET6Q, STM32U595AIH6, STM32U595AIH6Q, STM32U595AJH6, STM32U595AJH6Q, STM32U595QII6, STM32U595QII6Q, STM32U595QJI6, STM32U595QJI6Q, STM32U595RIT6, STM32U595RIT6Q, STM32U595RJT6, STM32U595RJT6Q, STM32U595VIT6, STM32U595VIT6Q, STM32U595VJT6, STM32U595VJT6Q, STM32U595ZIT6, STM32U595ZIT6Q, STM32U595ZIY6QTR, STM32U595ZJT6, STM32U595ZJT6Q, STM32U595ZJY6QTR, STM32U599BJY6QTR, STM32U599NIH6Q, STM32U599NJH6Q, STM32U599VIT6Q, STM32U599VJT6, STM32U599VJT6Q, STM32U599ZIT6Q, STM32U599ZIY6QTR, STM32U599ZJT6Q, STM32U599ZJY6QTR, STM32U5A5AJH6, STM32U5A5AJH6Q, STM32U5A5QJI6, STM32U5A5QJI6Q, STM32U5A5RJT6, STM32U5A5RJT6Q, STM32U5A5VJT6, STM32U5A5VJT6Q, STM32U5A5ZJT6, STM32U5A5ZJT6Q, STM32U5A5ZJY6QTR, STM32U5A9BJY6QTR, STM32U5A9J-DK, STM32U5A9NJH6Q, STM32U5A9VJT6Q, STM32U5A9ZJT6Q, STM32U5A9ZJY6QTR, STM32WB1MMCH6, STM32WBA52CEU6, STM32WBA52CEU6T, STM32WBA52CGU6, STM32WBA52CGU6T, STM32WL5MOCH6, STM32WL5MOCH6TR]
2023-04-14 11:59:46,117 [INFO] BoardInfo:880 - No configuration file found for board P-NUCLEO-WB55
2023-04-14 11:59:46,117 [INFO] DbBoards:157 - Kit is not supported: P-NUCLEO-WB55
2023-04-14 11:59:46,125 [INFO] BoardInfo:880 - No configuration file found for board STEVAL-BFA001V1B
2023-04-14 11:59:46,125 [INFO] DbBoards:157 - Kit is not supported: STEVAL-BFA001V1B
2023-04-14 11:59:46,125 [INFO] BoardInfo:880 - No configuration file found for board STEVAL-BFA001V2B
2023-04-14 11:59:46,125 [INFO] DbBoards:157 - Kit is not supported: STEVAL-BFA001V2B
2023-04-14 11:59:46,336 [INFO] DbBoards:161 - Found 187 boards, 184 are supported
2023-04-14 11:59:46,336 [INFO] ApiDb:414 - User favorites file not found: C:\Users\debugalizer/.stm32cubeide/favorites.boards.txt
2023-04-14 11:59:46,336 [INFO] DbBoards:190 - Set 0 / 0 favorites Boards
2023-04-14 11:59:46,348 [INFO] ApiDb:668 - CubeFinder database Data Model version=2.1
2023-04-14 11:59:46,348 [INFO] ApiDb:669 - CubeFinder database Configuration version=3.0.35
2023-04-14 11:59:46,348 [INFO] ApiDb:670 - CubeFinder database generation date=2023-03-10 (1678456172)
2023-04-14 11:59:46,348 [INFO] ApiDb:671 - CubeFinder database FW Pack versions=[FP-ATR-ASTRA1_V1.1.1, STM32Cube_FW_C0_V1.0.1, STM32Cube_FW_F0_V1.11.4, STM32Cube_FW_F3_V1.11.4, STM32Cube_FW_F4_V1.27.1, STM32Cube_FW_F7_V1.17.0, STM32Cube_FW_G0_V1.6.1, STM32Cube_FW_G4_V1.5.1, STM32Cube_FW_H5_V0.5.1, STM32Cube_FW_H5_V1.0.0, STM32Cube_FW_H7_V1.11.0, STM32Cube_FW_L0_V1.12.2, STM32Cube_FW_L5_V1.5.0, STM32Cube_FW_U5_V1.2.0, STM32Cube_FW_WBA_V1.0.0, STM32Cube_FW_WBA_V1.0.0RC1, STM32Cube_FW_WBA_V1.0.0RC3, STM32Cube_FW_WB_V1.15.0RC1, STM32Cube_FW_WB_V1.16.0, STM32Cube_FW_WB_V1.16.0RC2, STM32Cube_FW_WL_V1.3.0, X-CUBE-ALGOBUILD_V1.3.0, X-CUBE-ALS_V1.0.1, X-CUBE-AZRTOS-F4_V1.1.0, X-CUBE-AZRTOS-F7_V1.1.0, X-CUBE-AZRTOS-G0_V1.1.0, X-CUBE-AZRTOS-G4_V1.0.0, X-CUBE-AZRTOS-H7_V3.0.0, X-CUBE-AZRTOS-L4_V1.0.0, X-CUBE-AZRTOS-L5_V1.1.0, X-CUBE-AZRTOS-WB_V1.1.0, X-CUBE-AZRTOS-WL_V1.0.0, X-CUBE-BLE1_V6.2.4, X-CUBE-BLE2_V3.3.0, X-CUBE-BLEMGR_V1.3.0, X-CUBE-EEPRMA1_V4.1.0, X-CUBE-GNSS1_V6.0.0, X-CUBE-MEMS1_V9.1.0, X-CUBE-MEMS1_V9.4.0, X-CUBE-MEMS1_V9.5.0, X-CUBE-NFC4_V3.0.0, X-CUBE-NFC7_V1.0.0, X-CUBE-SFXS2LP1_V4.0.0, X-CUBE-SUBG2_V5.0.0]
2023-04-14 11:59:48,066 [INFO] DbExamplesSqlite:376 - Ignored 46 examples not supported by CubeIDE
2023-04-14 11:59:48,066 [INFO] DbExamplesSqlite:377 - Found 7328 examples active
2023-04-14 11:59:48,066 [INFO] DbExamplesSqlite:378 - Found 1095 examples obsolete
2023-04-14 11:59:48,066 [INFO] DbExamplesSqlite:379 - Found 0 examples under development
2023-04-14 11:59:48,066 [INFO] DbExamplesSqlite:380 - Found 77 examples not building
2023-04-14 11:59:48,070 [INFO] DbExamples:125 - Found 7359 examples
2023-04-14 11:59:48,086 [INFO] DbExamples:222 - Found 92 boards with related examples
2023-04-14 11:59:48,094 [INFO] DbExamples:235 - Found 78 MCUs with related examples
2023-04-14 11:59:48,126 [INFO] ApiDb:414 - User favorites file not found: C:\Users\debugalizer/.stm32cubeide/favorites.examples.txt
2023-04-14 11:59:48,134 [INFO] DbExamples:250 - Set 0 / 0 favorites Examples
2023-04-14 11:59:48,483 [INFO] McuFinderGlobals:66 - Set McuFinderConnectedMode to true
2023-04-14 11:59:48,502 [INFO] MultiScanPanel:200 - Auto-refresh data requested => check proxy status ongoing
2023-04-14 11:59:48,507 [INFO] FinderPluginLoader:95 - Searching for filters in installed packs
2023-04-14 11:59:51,081 [INFO] LoadUrlFilesThread:185 - End of LoadServerUrlFiles without Thread
2023-04-14 11:59:51,103 [INFO] DetailPanel:341 - Set advertising image to C:/Users/debugalizer/STM32Cube/Repository/\en.prom-stm32h5-mcu-finder.jpg
2023-04-14 12:00:21,836 [INFO] McuFinderGlobals:66 - Set McuFinderConnectedMode to true
2023-04-14 12:00:22,399 [INFO] ApiDb:448 - Save user favorites file C:\Users\debugalizer/.stm32cubeide/favorites.mcus.txt: 0 item(s)
2023-04-14 12:00:22,399 [INFO] ApiDb:452 - User favorites MCUs=[]
2023-04-14 12:01:23,789 [INFO] MainUpdater:2854 - connection check result : 10
2023-04-14 12:01:23,995 [INFO] McuFinderGlobals:66 - Set McuFinderConnectedMode to true
2023-04-14 12:01:24,000 [INFO] MultiScanPanel:200 - Auto-refresh data requested => check proxy status ongoing
2023-04-14 12:01:24,000 [INFO] FinderPluginLoader:95 - Searching for filters in installed packs
2023-04-14 12:01:25,477 [INFO] LoadUrlFilesThread:185 - End of LoadServerUrlFiles without Thread
2023-04-14 12:01:25,477 [INFO] DetailPanel:341 - Set advertising image to C:/Users/debugalizer/STM32Cube/Repository/\en.prom-stm32h5-mcu-finder.jpg
2023-04-14 12:01:38,749 [INFO] ApiDb:581 - Connected to CubeFinder SQLite database (C:\Users\debugalizer\.stmcufinder\plugins\mcufinder\mcu\cube-finder-db.db)
2023-04-14 12:01:48,083 [INFO] MultiScanPanel:200 - Auto-refresh data requested => check proxy status ongoing
2023-04-14 12:01:48,309 [INFO] LoadUrlFilesThread:185 - End of LoadServerUrlFiles without Thread
2023-04-14 12:01:48,309 [INFO] DetailPanel:341 - Set advertising image to C:/Users/debugalizer/STM32Cube/Repository/\en.prom-stm32h5-mcu-finder.jpg
2023-04-14 12:03:35,043 [INFO] McuFinderGlobals:66 - Set McuFinderConnectedMode to true
2023-04-14 12:03:35,593 [INFO] ApiDb:448 - Save user favorites file C:\Users\debugalizer/.stm32cubeide/favorites.mcus.txt: 0 item(s)
2023-04-14 12:03:35,593 [INFO] ApiDb:452 - User favorites MCUs=[]
2023-04-14 12:03:35,594 [INFO] ApiDb:448 - Save user favorites file C:\Users\debugalizer/.stm32cubeide/favorites.boards.txt: 0 item(s)
2023-04-14 12:03:35,594 [INFO] ApiDb:452 - User favorites Boards=[]
2023-04-14 12:03:48,013 [INFO] MainUpdater:2854 - connection check result : 10
2023-04-14 12:03:48,180 [INFO] McuFinderGlobals:66 - Set McuFinderConnectedMode to true
2023-04-14 12:03:48,185 [INFO] MultiScanPanel:200 - Auto-refresh data requested => check proxy status ongoing
2023-04-14 12:03:48,185 [INFO] FinderPluginLoader:95 - Searching for filters in installed packs
2023-04-14 12:03:49,281 [INFO] LoadUrlFilesThread:185 - End of LoadServerUrlFiles without Thread
2023-04-14 12:03:49,281 [INFO] DetailPanel:341 - Set advertising image to C:/Users/debugalizer/STM32Cube/Repository/\en.prom-stm32h5-mcu-finder.jpg
2023-04-14 12:07:12,870 [INFO] MainUpdater:2854 - connection check result : 10
2023-04-14 12:07:12,872 [INFO] MainUpdater:2854 - connection check result : 10
2023-04-14 12:07:12,916 [INFO] MicroXplorer:468 - Change Database Path : 
2023-04-14 12:07:12,916 [INFO] MicroXplorer:498 - Change Database Version : DB.6.0.80
2023-04-14 12:07:12,917 [WARN] ThirdParty:871 - waiting for thirdparty lock release [close project]
2023-04-14 12:07:12,917 [INFO] ThirdParty:873 - entering critical section [close project]
2023-04-14 12:07:12,918 [INFO] ThirdParty:883 - exiting critical section [close project]
2023-04-14 12:07:12,924 [INFO] PinOutPanel:1499 - setPackage(No Configuration,No Configuration)
2023-04-14 12:07:12,934 [INFO] UtilMem:75 - Begin LoadConfig() Used Memory: 423794040 Bytes (638582784)
2023-04-14 12:07:12,934 [INFO] MicroXplorer:468 - Change Database Path : 
2023-04-14 12:07:12,934 [INFO] MicroXplorer:498 - Change Database Version : DB.6.0.80
2023-04-14 12:07:12,934 [INFO] OpenFileManager:308 - Change cursor
2023-04-14 12:07:12,963 [WARN] IntegrityCheckThread:84 - waiting for thirdparty lock release [integrity check]
2023-04-14 12:07:12,964 [INFO] IntegrityCheckThread:86 - entering critical section [integrity check]
2023-04-14 12:07:13,185 [WARN] PackLoader:240 - Cannot read IP mode file for STMicroelectronics.X-CUBE-GNSS1.6.0.0
2023-04-14 12:07:13,210 [WARN] PackLoader:240 - Cannot read IP mode file for STMicroelectronics.X-CUBE-AZRTOS-F4.1.1.0
2023-04-14 12:07:13,222 [WARN] PackLoader:240 - Cannot read IP mode file for STMicroelectronics.X-CUBE-SMBUS.2.1.0
2023-04-14 12:07:13,229 [WARN] PackLoader:240 - Cannot read IP mode file for wolfSSL.I-CUBE-wolfSSL.5.6.0
2023-04-14 12:07:13,248 [WARN] PackLoader:240 - Cannot read IP mode file for STMicroelectronics.X-CUBE-AZRTOS-F7.1.1.0
2023-04-14 12:07:13,264 [WARN] PackLoader:240 - Cannot read IP mode file for STMicroelectronics.X-CUBE-BLE1.6.2.4
2023-04-14 12:07:13,274 [WARN] PackLoader:240 - Cannot read IP mode file for emotas.I-CUBE-CANOPEN.1.1.3
2023-04-14 12:07:13,284 [WARN] PackLoader:240 - Cannot read IP mode file for STMicroelectronics.X-CUBE-BLEMGR.2.0.0
2023-04-14 12:07:13,311 [WARN] ConditionMgr:438 - getConditionDescription Invalid condition id : UX DEVICE CLASS RTOS Condition cause : null
2023-04-14 12:07:13,311 [WARN] ConditionMgr:438 - getConditionDescription Invalid condition id : UX DEVICE CLASS RTOS Condition cause : null
2023-04-14 12:07:13,314 [WARN] PackLoader:240 - Cannot read IP mode file for STMicroelectronics.X-CUBE-AZRTOS-H7.3.1.0
2023-04-14 12:07:13,314 [WARN] ConditionMgr:1039 - genDependencies : Invalid condition id : UX DEVICE CLASS RTOS Condition cause : null
2023-04-14 12:07:13,318 [WARN] ConditionMgr:1039 - genDependencies : Invalid condition id : UX DEVICE CLASS RTOS Condition cause : null
2023-04-14 12:07:13,318 [WARN] ConditionMgr:1039 - genDependencies : Invalid condition id : UX DEVICE CLASS RTOS Condition cause : null
2023-04-14 12:07:13,319 [WARN] ConditionMgr:1039 - genDependencies : Invalid condition id : UX DEVICE CLASS RTOS Condition cause : null
2023-04-14 12:07:13,319 [WARN] ConditionMgr:1039 - genDependencies : Invalid condition id : UX DEVICE CLASS RTOS Condition cause : null
2023-04-14 12:07:13,330 [WARN] PackLoader:240 - Cannot read IP mode file for STMicroelectronics.X-CUBE-DISPLAY.3.0.0
2023-04-14 12:07:13,336 [WARN] PackLoader:240 - Cannot read IP mode file for STMicroelectronics.X-CUBE-NFC7.1.0.0
2023-04-14 12:07:13,351 [WARN] PackLoader:240 - Cannot read IP mode file for STMicroelectronics.X-CUBE-EEPRMA1.4.1.0
2023-04-14 12:07:13,360 [WARN] PackLoader:240 - Cannot read IP mode file for WES.I-CUBE-Cesium.1.3.0
2023-04-14 12:07:13,370 [WARN] PackLoader:240 - Cannot read IP mode file for STMicroelectronics.X-CUBE-SFXS2LP1.4.0.0
2023-04-14 12:07:13,383 [WARN] PackLoader:240 - Cannot read IP mode file for STMicroelectronics.X-CUBE-BLE2.3.3.0
2023-04-14 12:07:13,392 [WARN] PackLoader:240 - Cannot read IP mode file for STMicroelectronics.X-CUBE-ISPU.1.1.0
2023-04-14 12:07:13,399 [WARN] PackLoader:240 - Cannot read IP mode file for STMicroelectronics.X-CUBE-AI.8.0.0
2023-04-14 12:07:13,406 [WARN] PackLoader:240 - Cannot read IP mode file for STMicroelectronics.X-CUBE-FREERTOS.1.0.1
2023-04-14 12:07:13,413 [WARN] PackLoader:240 - Cannot read IP mode file for STMicroelectronics.X-CUBE-TOUCHGFX.4.21.3
2023-04-14 12:07:13,422 [WARN] PackLoader:240 - Cannot read IP mode file for STMicroelectronics.X-CUBE-ALGOBUILD.1.3.0
2023-04-14 12:07:13,444 [WARN] PackLoader:240 - Cannot read IP mode file for STMicroelectronics.X-CUBE-AZRTOS-L5.1.1.0
2023-04-14 12:07:13,473 [WARN] PackLoader:240 - Cannot read IP mode file for STMicroelectronics.X-CUBE-AZRTOS-G0.1.1.0
2023-04-14 12:07:13,511 [WARN] PackLoader:240 - Cannot read IP mode file for STMicroelectronics.X-CUBE-SUBG2.5.0.0
2023-04-14 12:07:13,527 [WARN] PackLoader:240 - Cannot read IP mode file for STMicroelectronics.X-CUBE-NFC4.3.0.0
2023-04-14 12:07:13,539 [WARN] PackLoader:240 - Cannot read IP mode file for STMicroelectronics.X-CUBE-TOF1.3.3.0
2023-04-14 12:07:13,566 [WARN] PackLoader:240 - Cannot read IP mode file for STMicroelectronics.X-CUBE-AZRTOS-G4.1.0.0
2023-04-14 12:07:13,574 [WARN] PackLoader:240 - Cannot read IP mode file for STMicroelectronics.FP-ATR-SIGFOX1.3.2.0
2023-04-14 12:07:13,607 [WARN] PackLoader:240 - Cannot read IP mode file for STMicroelectronics.X-CUBE-AZRTOS-L4.1.0.0
2023-04-14 12:07:13,623 [WARN] PackLoader:240 - Cannot read IP mode file for STMicroelectronics.X-CUBE-AZRTOS-WL.1.0.0
2023-04-14 12:07:13,629 [WARN] PackLoader:240 - Cannot read IP mode file for portGmbH.I-Cube-SoM-uGOAL.1.1.0
2023-04-14 12:07:13,637 [WARN] PackLoader:240 - Cannot read IP mode file for STMicroelectronics.X-CUBE-ALS.1.0.1
2023-04-14 12:07:13,676 [WARN] PackLoader:240 - Cannot read IP mode file for STMicroelectronics.X-CUBE-MEMS1.9.5.0
2023-04-14 12:07:13,832 [WARN] PackLoader:240 - Cannot read IP mode file for STMicroelectronics.X-CUBE-AZRTOS-WB.1.1.0
2023-04-14 12:07:13,865 [WARN] PackLoader:240 - Cannot read IP mode file for SEGGER.I-CUBE-embOS.1.3.1
2023-04-14 12:07:13,921 [WARN] PackLoader:240 - Cannot read IP mode file for STMicroelectronics.FP-ATR-ASTRA1.2.0.0
2023-04-14 12:07:13,921 [INFO] ThirdParty:978 - Integrity check success = true
2023-04-14 12:07:13,921 [INFO] IntegrityCheckThread:100 - exiting critical section [integrity check]
2023-04-14 12:07:13,921 [INFO] IntegrityCheckThread:103 - End integrity checks thread
2023-04-14 12:07:13,974 [INFO] Mcu:1937 - Initializing MCU STM32F411VETx STM32F411VETx 
2023-04-14 12:07:13,974 [INFO] Mcu:1950 - No CPN specified => set CPN to STM32F411VET6
2023-04-14 12:07:16,200 [INFO] Context:659 - Trying to add GPIOservice into a context  which must be forbidden
2023-04-14 12:07:16,699 [INFO] ImportTextPane:194 - (OptionalMessage_ERROR) Unable to find key (Mcu.ThirdPartyNb) in loaded IOC file
2023-04-14 12:07:16,699 [INFO] ImportTextPane:194 - (OptionalMessage_ERROR) Unable to find key (Mcu.PinsNb) in loaded IOC file
2023-04-14 12:07:16,699 [INFO] ImportTextPane:194 - (OptionalMessage_ERROR) Unable to find key (Mcu.IPNb) in loaded IOC file
2023-04-14 12:07:16,836 [INFO] RtosManager:555 - Registered RTOS mode: class=CMSIS, group=RTOS, mode=CMSIS_V1, owner=FREERTOS
2023-04-14 12:07:16,836 [INFO] RtosManager:555 - Registered RTOS mode: class=CMSIS, group=RTOS2, mode=CMSIS_V2, owner=FREERTOS
2023-04-14 12:07:16,836 [INFO] RtosManager:555 - Registered RTOS mode: class=RTOS, group=Core, mode=CMSIS_V1, owner=FREERTOS
2023-04-14 12:07:16,836 [INFO] RtosManager:555 - Registered RTOS mode: class=RTOS, group=Core, mode=CMSIS_V2, owner=FREERTOS
2023-04-14 12:07:16,836 [WARN] ModelIntegratedComponent:184 - Missing modes for component STMicroelectronics:FreeRTOS:0.0.1:STMicroelectronics:RTOS:FreeRTOS:Core:::10.2.0:
2023-04-14 12:07:16,854 [WARN] ModelIntegratedComponent:182 - Modes not found for component STMicroelectronics:USB_HOST:1.0.0:STMicroelectronics:USB::USB Host:Audio HS::1.0:USB_HOST_1_0_RESTRICTED_HS
2023-04-14 12:07:16,854 [WARN] ModelIntegratedComponent:188 - Modes not found for component STMicroelectronics:USB_HOST:1.0.0:STMicroelectronics:USB::USB Host:Audio HS::1.0:USB_HOST_1_0_RESTRICTED_HS
2023-04-14 12:07:16,854 [WARN] ModelIntegratedComponent:182 - Modes not found for component STMicroelectronics:USB_HOST:1.0.0:STMicroelectronics:USB::USB Host:CDC HS::1.0:USB_HOST_1_0_RESTRICTED_HS
2023-04-14 12:07:16,854 [WARN] ModelIntegratedComponent:188 - Modes not found for component STMicroelectronics:USB_HOST:1.0.0:STMicroelectronics:USB::USB Host:CDC HS::1.0:USB_HOST_1_0_RESTRICTED_HS
2023-04-14 12:07:16,854 [WARN] ModelIntegratedComponent:182 - Modes not found for component STMicroelectronics:USB_HOST:1.0.0:STMicroelectronics:USB::USB Host:MSC HS::1.0:USB_HOST_1_0_RESTRICTED_HS
2023-04-14 12:07:16,854 [WARN] ModelIntegratedComponent:188 - Modes not found for component STMicroelectronics:USB_HOST:1.0.0:STMicroelectronics:USB::USB Host:MSC HS::1.0:USB_HOST_1_0_RESTRICTED_HS
2023-04-14 12:07:16,854 [WARN] ModelIntegratedComponent:182 - Modes not found for component STMicroelectronics:USB_HOST:1.0.0:STMicroelectronics:USB::USB Host:HID HS::1.0:USB_HOST_1_0_RESTRICTED_HS
2023-04-14 12:07:16,854 [WARN] ModelIntegratedComponent:188 - Modes not found for component STMicroelectronics:USB_HOST:1.0.0:STMicroelectronics:USB::USB Host:HID HS::1.0:USB_HOST_1_0_RESTRICTED_HS
2023-04-14 12:07:16,854 [WARN] ModelIntegratedComponent:182 - Modes not found for component STMicroelectronics:USB_HOST:1.0.0:STMicroelectronics:USB::USB Host:MTP HS::1.0:USB_HOST_1_0_RESTRICTED_HS
2023-04-14 12:07:16,854 [WARN] ModelIntegratedComponent:188 - Modes not found for component STMicroelectronics:USB_HOST:1.0.0:STMicroelectronics:USB::USB Host:MTP HS::1.0:USB_HOST_1_0_RESTRICTED_HS
2023-04-14 12:07:16,883 [WARN] ModelIntegratedComponent:63 - No mode defined for component null
2023-04-14 12:07:16,884 [WARN] ModelIntegratedComponent:63 - No mode defined for component null
2023-04-14 12:07:16,884 [WARN] ModelIntegratedComponent:63 - No mode defined for component null
2023-04-14 12:07:16,884 [WARN] ModelIntegratedComponent:63 - No mode defined for component null
2023-04-14 12:07:16,884 [WARN] ModelIntegratedComponent:63 - No mode defined for component null
2023-04-14 12:07:16,884 [WARN] ModelIntegratedComponent:63 - No mode defined for component null
2023-04-14 12:07:16,884 [WARN] ModelIntegratedComponent:63 - No mode defined for component null
2023-04-14 12:07:16,884 [WARN] ModelIntegratedComponent:63 - No mode defined for component null
2023-04-14 12:07:16,884 [WARN] ModelIntegratedComponent:63 - No mode defined for component null
2023-04-14 12:07:16,884 [WARN] ModelIntegratedComponent:63 - No mode defined for component null
2023-04-14 12:07:16,885 [WARN] ModelIntegratedComponent:63 - No mode defined for component null
2023-04-14 12:07:16,885 [WARN] ModelIntegratedComponent:63 - No mode defined for component null
2023-04-14 12:07:16,885 [WARN] ModelIntegratedComponent:63 - No mode defined for component null
2023-04-14 12:07:16,885 [WARN] ModelIntegratedComponent:63 - No mode defined for component null
2023-04-14 12:07:16,885 [WARN] ModelIntegratedComponent:63 - No mode defined for component null
2023-04-14 12:07:16,885 [WARN] ModelIntegratedComponent:63 - No mode defined for component null
2023-04-14 12:07:16,885 [WARN] ModelIntegratedComponent:63 - No mode defined for component null
2023-04-14 12:07:16,885 [WARN] ModelIntegratedComponent:63 - No mode defined for component null
2023-04-14 12:07:16,885 [WARN] ModelIntegratedComponent:63 - No mode defined for component null
2023-04-14 12:07:16,885 [WARN] ModelIntegratedComponent:63 - No mode defined for component null
2023-04-14 12:07:16,885 [WARN] ModelIntegratedComponent:63 - No mode defined for component null
2023-04-14 12:07:16,885 [WARN] ModelIntegratedComponent:63 - No mode defined for component null
2023-04-14 12:07:16,885 [WARN] ModelIntegratedComponent:63 - No mode defined for component null
2023-04-14 12:07:16,885 [WARN] ModelIntegratedComponent:63 - No mode defined for component null
2023-04-14 12:07:16,887 [WARN] ModelIntegratedComponent:63 - No mode defined for component null
2023-04-14 12:07:16,887 [WARN] ModelIntegratedComponent:63 - No mode defined for component null
2023-04-14 12:07:16,887 [WARN] ModelIntegratedComponent:63 - No mode defined for component null
2023-04-14 12:07:16,887 [WARN] ModelIntegratedComponent:63 - No mode defined for component null
2023-04-14 12:07:16,887 [WARN] ModelIntegratedComponent:63 - No mode defined for component null
2023-04-14 12:07:16,887 [WARN] ModelIntegratedComponent:63 - No mode defined for component null
2023-04-14 12:07:16,887 [WARN] ModelIntegratedComponent:63 - No mode defined for component null
2023-04-14 12:07:16,887 [WARN] ModelIntegratedComponent:63 - No mode defined for component null
2023-04-14 12:07:16,887 [WARN] ModelIntegratedComponent:63 - No mode defined for component null
2023-04-14 12:07:17,174 [WARN] ModelIntegratedComponent:182 - Modes not found for component STMicroelectronics:USB_DEVICE:1.0.0:STMicroelectronics:USB::USB Device:Audio HS::1.0:USB_DEVICE_1_0_RESTRICTED_HS
2023-04-14 12:07:17,174 [WARN] ModelIntegratedComponent:188 - Modes not found for component STMicroelectronics:USB_DEVICE:1.0.0:STMicroelectronics:USB::USB Device:Audio HS::1.0:USB_DEVICE_1_0_RESTRICTED_HS
2023-04-14 12:07:17,174 [WARN] ModelIntegratedComponent:182 - Modes not found for component STMicroelectronics:USB_DEVICE:1.0.0:STMicroelectronics:USB::USB Device:CDC HS::1.0:USB_DEVICE_1_0_RESTRICTED_HS
2023-04-14 12:07:17,174 [WARN] ModelIntegratedComponent:188 - Modes not found for component STMicroelectronics:USB_DEVICE:1.0.0:STMicroelectronics:USB::USB Device:CDC HS::1.0:USB_DEVICE_1_0_RESTRICTED_HS
2023-04-14 12:07:17,174 [WARN] ModelIntegratedComponent:182 - Modes not found for component STMicroelectronics:USB_DEVICE:1.0.0:STMicroelectronics:USB::USB Device:DFU HS::1.0:USB_DEVICE_1_0_RESTRICTED_HS
2023-04-14 12:07:17,174 [WARN] ModelIntegratedComponent:188 - Modes not found for component STMicroelectronics:USB_DEVICE:1.0.0:STMicroelectronics:USB::USB Device:DFU HS::1.0:USB_DEVICE_1_0_RESTRICTED_HS
2023-04-14 12:07:17,174 [WARN] ModelIntegratedComponent:182 - Modes not found for component STMicroelectronics:USB_DEVICE:1.0.0:STMicroelectronics:USB::USB Device:HID HS::1.0:USB_DEVICE_1_0_RESTRICTED_HS
2023-04-14 12:07:17,174 [WARN] ModelIntegratedComponent:188 - Modes not found for component STMicroelectronics:USB_DEVICE:1.0.0:STMicroelectronics:USB::USB Device:HID HS::1.0:USB_DEVICE_1_0_RESTRICTED_HS
2023-04-14 12:07:17,174 [WARN] ModelIntegratedComponent:182 - Modes not found for component STMicroelectronics:USB_DEVICE:1.0.0:STMicroelectronics:USB::USB Device:Custom HID HS::1.0:USB_DEVICE_1_0_RESTRICTED_HS
2023-04-14 12:07:17,174 [WARN] ModelIntegratedComponent:188 - Modes not found for component STMicroelectronics:USB_DEVICE:1.0.0:STMicroelectronics:USB::USB Device:Custom HID HS::1.0:USB_DEVICE_1_0_RESTRICTED_HS
2023-04-14 12:07:17,174 [WARN] ModelIntegratedComponent:182 - Modes not found for component STMicroelectronics:USB_DEVICE:1.0.0:STMicroelectronics:USB::USB Device:MSC HS::1.0:USB_DEVICE_1_0_RESTRICTED_HS
2023-04-14 12:07:17,174 [WARN] ModelIntegratedComponent:188 - Modes not found for component STMicroelectronics:USB_DEVICE:1.0.0:STMicroelectronics:USB::USB Device:MSC HS::1.0:USB_DEVICE_1_0_RESTRICTED_HS
2023-04-14 12:07:17,191 [INFO] ThirdPartyModel:298 - Start build external matchings
2023-04-14 12:07:17,703 [INFO] ThirdPartyModel:316 - End build external matchings
2023-04-14 12:07:18,254 [INFO] UtilMem:75 - End LoadConfig() Used Memory: 469255952 Bytes (638582784)
2023-04-14 12:07:18,314 [WARN] ThirdParty:833 - waiting for thirdparty lock release [change project]
2023-04-14 12:07:18,315 [INFO] ThirdParty:835 - entering critical section [change project]
2023-04-14 12:07:18,315 [INFO] ThirdParty:1030 - CMSIS Pack Vendor :STMicroelectronics X-CUBE-ISPU 1.1.0
2023-04-14 12:07:18,315 [INFO] ThirdParty:1030 - CMSIS Pack Vendor :STMicroelectronics X-CUBE-GNSS1 6.0.0
2023-04-14 12:07:18,315 [INFO] ThirdParty:1030 - CMSIS Pack Vendor :STMicroelectronics USB_HOST 2.0.0
2023-04-14 12:07:18,315 [INFO] ThirdParty:1030 - CMSIS Pack Vendor :STMicroelectronics X-CUBE-AZRTOS-F4 1.1.0
2023-04-14 12:07:18,315 [INFO] ThirdParty:1030 - CMSIS Pack Vendor :STMicroelectronics LIBJPEG 8.0.0
2023-04-14 12:07:18,315 [INFO] ThirdParty:1030 - CMSIS Pack Vendor :STMicroelectronics X-CUBE-SMBUS 2.1.0
2023-04-14 12:07:18,315 [INFO] ThirdParty:1030 - CMSIS Pack Vendor :wolfSSL I-CUBE-wolfSSL 5.6.0
2023-04-14 12:07:18,315 [INFO] ThirdParty:1030 - CMSIS Pack Vendor :STMicroelectronics USB_DEVICE 3.0.0
2023-04-14 12:07:18,315 [INFO] ThirdParty:1030 - CMSIS Pack Vendor :STMicroelectronics X-CUBE-AI 8.0.0
2023-04-14 12:07:18,315 [INFO] ThirdParty:1030 - CMSIS Pack Vendor :STMicroelectronics X-CUBE-FREERTOS 1.0.1
2023-04-14 12:07:18,315 [INFO] ThirdParty:1030 - CMSIS Pack Vendor :STMicroelectronics X-CUBE-TOUCHGFX 4.21.3
2023-04-14 12:07:18,315 [INFO] ThirdParty:1030 - CMSIS Pack Vendor :STMicroelectronics X-CUBE-AZRTOS-F7 1.1.0
2023-04-14 12:07:18,315 [INFO] ThirdParty:1030 - CMSIS Pack Vendor :STMicroelectronics USB_DEVICE 2.0.0
2023-04-14 12:07:18,315 [INFO] ThirdParty:1030 - CMSIS Pack Vendor :STMicroelectronics X-CUBE-ALGOBUILD 1.3.0
2023-04-14 12:07:18,315 [INFO] ThirdParty:1030 - CMSIS Pack Vendor :STMicroelectronics X-CUBE-BLE1 6.2.4
2023-04-14 12:07:18,315 [INFO] ThirdParty:1030 - CMSIS Pack Vendor :STMicroelectronics X-CUBE-AZRTOS-L5 1.1.0
2023-04-14 12:07:18,315 [INFO] ThirdParty:1030 - CMSIS Pack Vendor :STMicroelectronics FreeRTOS 0.0.1
2023-04-14 12:07:18,315 [INFO] ThirdParty:1030 - CMSIS Pack Vendor :emotas I-CUBE-CANOPEN 1.1.3
2023-04-14 12:07:18,315 [INFO] ThirdParty:1030 - CMSIS Pack Vendor :STMicroelectronics X-CUBE-AZRTOS-G0 1.1.0
2023-04-14 12:07:18,315 [INFO] ThirdParty:1030 - CMSIS Pack Vendor :STMicroelectronics X-CUBE-BLEMGR 2.0.0
2023-04-14 12:07:18,315 [INFO] ThirdParty:1030 - CMSIS Pack Vendor :STMicroelectronics X-CUBE-SUBG2 5.0.0
2023-04-14 12:07:18,315 [INFO] ThirdParty:1030 - CMSIS Pack Vendor :STMicroelectronics X-CUBE-NFC4 3.0.0
2023-04-14 12:07:18,315 [INFO] ThirdParty:1030 - CMSIS Pack Vendor :STMicroelectronics STM32_WPAN 1.0.0
2023-04-14 12:07:18,315 [INFO] ThirdParty:1030 - CMSIS Pack Vendor :STMicroelectronics lwIP 2.0.3
2023-04-14 12:07:18,315 [INFO] ThirdParty:1030 - CMSIS Pack Vendor :STMicroelectronics USB_HOST 1.0.0
2023-04-14 12:07:18,315 [INFO] ThirdParty:1030 - CMSIS Pack Vendor :STMicroelectronics PDM2PCM 3.1.0
2023-04-14 12:07:18,315 [INFO] ThirdParty:1030 - CMSIS Pack Vendor :STMicroelectronics X-CUBE-AZRTOS-H7 3.1.0
2023-04-14 12:07:18,315 [INFO] ThirdParty:1030 - CMSIS Pack Vendor :STMicroelectronics X-CUBE-TOF1 3.3.0
2023-04-14 12:07:18,315 [INFO] ThirdParty:1030 - CMSIS Pack Vendor :STMicroelectronics PDM2PCM 3.3.0
2023-04-14 12:07:18,315 [INFO] ThirdParty:1030 - CMSIS Pack Vendor :STMicroelectronics X-CUBE-DISPLAY 3.0.0
2023-04-14 12:07:18,315 [INFO] ThirdParty:1030 - CMSIS Pack Vendor :STMicroelectronics X-CUBE-AZRTOS-G4 1.0.0
2023-04-14 12:07:18,315 [INFO] ThirdParty:1030 - CMSIS Pack Vendor :STMicroelectronics FP-ATR-SIGFOX1 3.2.0
2023-04-14 12:07:18,315 [INFO] ThirdParty:1030 - CMSIS Pack Vendor :STMicroelectronics X-CUBE-AZRTOS-L4 1.0.0
2023-04-14 12:07:18,315 [INFO] ThirdParty:1030 - CMSIS Pack Vendor :STMicroelectronics HAL Drivers 0.0.0
2023-04-14 12:07:18,315 [INFO] ThirdParty:1030 - CMSIS Pack Vendor :STMicroelectronics MBEDTLS 2.16.2
2023-04-14 12:07:18,315 [INFO] ThirdParty:1030 - CMSIS Pack Vendor :STMicroelectronics MBEDTLS 2.14.1
2023-04-14 12:07:18,315 [INFO] ThirdParty:1030 - CMSIS Pack Vendor :STMicroelectronics X-CUBE-NFC7 1.0.0
2023-04-14 12:07:18,315 [INFO] ThirdParty:1030 - CMSIS Pack Vendor :STMicroelectronics X-CUBE-AZRTOS-WL 1.0.0
2023-04-14 12:07:18,315 [INFO] ThirdParty:1030 - CMSIS Pack Vendor :STMicroelectronics X-CUBE-EEPRMA1 4.1.0
2023-04-14 12:07:18,319 [INFO] ThirdParty:1030 - CMSIS Pack Vendor :portGmbH I-Cube-SoM-uGOAL 1.1.0
2023-04-14 12:07:18,319 [INFO] ThirdParty:1030 - CMSIS Pack Vendor :STMicroelectronics X-CUBE-ALS 1.0.1
2023-04-14 12:07:18,319 [INFO] ThirdParty:1030 - CMSIS Pack Vendor :STMicroelectronics X-CUBE-MEMS1 9.5.0
2023-04-14 12:07:18,319 [INFO] ThirdParty:1030 - CMSIS Pack Vendor :STMicroelectronics ThreadX 1.0.0
2023-04-14 12:07:18,319 [INFO] ThirdParty:1030 - CMSIS Pack Vendor :STMicroelectronics X-CUBE-AZRTOS-WB 1.1.0
2023-04-14 12:07:18,319 [INFO] ThirdParty:1030 - CMSIS Pack Vendor :SEGGER I-CUBE-embOS 1.3.1
2023-04-14 12:07:18,319 [INFO] ThirdParty:1030 - CMSIS Pack Vendor :STMicroelectronics USB_DEVICE 1.0.0
2023-04-14 12:07:18,319 [INFO] ThirdParty:1030 - CMSIS Pack Vendor :STMicroelectronics ThreadX 0.0.2
2023-04-14 12:07:18,319 [INFO] ThirdParty:1030 - CMSIS Pack Vendor :WES I-CUBE-Cesium 1.3.0
2023-04-14 12:07:18,319 [INFO] ThirdParty:1030 - CMSIS Pack Vendor :STMicroelectronics FP-ATR-ASTRA1 2.0.0
2023-04-14 12:07:18,319 [INFO] ThirdParty:1030 - CMSIS Pack Vendor :STMicroelectronics lwIP 2.1.2
2023-04-14 12:07:18,319 [INFO] ThirdParty:1030 - CMSIS Pack Vendor :STMicroelectronics X-CUBE-SFXS2LP1 4.0.0
2023-04-14 12:07:18,319 [INFO] ThirdParty:1030 - CMSIS Pack Vendor :STMicroelectronics X-CUBE-BLE2 3.3.0
2023-04-14 12:07:18,319 [INFO] ThirdParty:1030 - CMSIS Pack Vendor :STMicroelectronics PDM2PCM 3.2.0
2023-04-14 12:07:18,319 [INFO] ThirdParty:841 - exiting critical section [change project]
2023-04-14 12:07:18,831 [INFO] PinOutPanel:1499 - setPackage(No Configuration,No Configuration)
2023-04-14 12:07:18,833 [INFO] PinOutPanel:1499 - setPackage(STM32F411VETx,LQFP100)
2023-04-14 12:07:19,605 [INFO] UtilMem:75 - Before build in PCC Used Memory: 464007720 Bytes (638582784)
2023-04-14 12:07:20,698 [INFO] UtilMem:75 - After build in PCC Used Memory: 470492992 Bytes (638582784)
2023-04-14 12:07:20,746 [INFO] IPUIPlugin:80 - create IPUIPlugin
2023-04-14 12:07:20,746 [INFO] IPUIPlugin:80 - create IPUIPlugin
2023-04-14 12:07:20,746 [INFO] IPUIPlugin:80 - create IPUIPlugin
2023-04-14 12:07:20,750 [INFO] IPUIPlugin:80 - create IPUIPlugin
2023-04-14 12:07:20,750 [INFO] IPUIPlugin:80 - create IPUIPlugin
2023-04-14 12:07:20,750 [INFO] IPUIPlugin:80 - create IPUIPlugin
2023-04-14 12:07:20,750 [INFO] IPUIPlugin:80 - create IPUIPlugin
2023-04-14 12:07:20,750 [INFO] IPUIPlugin:80 - create IPUIPlugin
2023-04-14 12:07:20,750 [INFO] IPUIPlugin:80 - create IPUIPlugin
2023-04-14 12:07:20,750 [INFO] IPUIPlugin:80 - create IPUIPlugin
2023-04-14 12:07:20,750 [INFO] IPUIPlugin:80 - create IPUIPlugin
2023-04-14 12:07:20,750 [INFO] IPUIPlugin:80 - create IPUIPlugin
2023-04-14 12:07:20,750 [INFO] IPUIPlugin:80 - create IPUIPlugin
2023-04-14 12:07:20,750 [INFO] IPUIPlugin:80 - create IPUIPlugin
2023-04-14 12:07:20,750 [INFO] IPUIPlugin:80 - create IPUIPlugin
2023-04-14 12:07:20,750 [INFO] IPUIPlugin:80 - create IPUIPlugin
2023-04-14 12:07:20,750 [INFO] IPUIPlugin:80 - create IPUIPlugin
2023-04-14 12:07:20,750 [INFO] IPUIPlugin:80 - create IPUIPlugin
2023-04-14 12:07:20,750 [INFO] IPUIPlugin:80 - create IPUIPlugin
2023-04-14 12:07:20,750 [INFO] IPUIPlugin:80 - create IPUIPlugin
2023-04-14 12:07:20,750 [INFO] IPUIPlugin:80 - create IPUIPlugin
2023-04-14 12:07:20,756 [INFO] IPUIPlugin:80 - create IPUIPlugin
2023-04-14 12:07:20,756 [INFO] IPUIPlugin:80 - create IPUIPlugin
2023-04-14 12:07:20,756 [INFO] IPUIPlugin:80 - create IPUIPlugin
2023-04-14 12:07:20,756 [INFO] IPUIPlugin:80 - create IPUIPlugin
2023-04-14 12:07:20,756 [INFO] IPUIPlugin:80 - create IPUIPlugin
2023-04-14 12:07:20,756 [INFO] IPUIPlugin:80 - create IPUIPlugin
2023-04-14 12:07:20,756 [INFO] IPUIPlugin:80 - create IPUIPlugin
2023-04-14 12:07:20,756 [INFO] IPUIPlugin:80 - create IPUIPlugin
2023-04-14 12:07:20,756 [INFO] IPUIPlugin:80 - create IPUIPlugin
2023-04-14 12:07:20,756 [INFO] IPUIPlugin:80 - create IPUIPlugin
2023-04-14 12:07:20,756 [INFO] IPUIPlugin:80 - create IPUIPlugin
2023-04-14 12:07:20,756 [INFO] IPUIPlugin:80 - create IPUIPlugin
2023-04-14 12:07:20,756 [INFO] IPUIPlugin:80 - create IPUIPlugin
2023-04-14 12:07:20,756 [INFO] IPUIPlugin:80 - create IPUIPlugin
2023-04-14 12:07:20,756 [INFO] IPUIPlugin:80 - create IPUIPlugin
2023-04-14 12:07:20,756 [INFO] IPUIPlugin:80 - create IPUIPlugin
2023-04-14 12:07:20,756 [INFO] IPUIPlugin:80 - create IPUIPlugin
2023-04-14 12:07:20,756 [INFO] IPUIPlugin:80 - create IPUIPlugin
2023-04-14 12:07:20,762 [INFO] IPUIPlugin:80 - create IPUIPlugin
2023-04-14 12:07:20,762 [INFO] IPUIPlugin:80 - create IPUIPlugin
2023-04-14 12:07:20,762 [INFO] IPUIPlugin:80 - create IPUIPlugin
2023-04-14 12:07:20,762 [INFO] IPUIPlugin:80 - create IPUIPlugin
2023-04-14 12:07:20,867 [INFO] ApiDbMcu:507 - Load IP Config File for PDM2PCM
2023-04-14 12:07:21,145 [INFO] CADModel:165 - CPN selected for project levelSTM32F411VET6
2023-04-14 12:07:21,145 [INFO] CADModel:114 - Register for checkConnection events
2023-04-14 12:07:21,220 [INFO] OpenFileManager:328 - Restore cursor
2023-04-14 12:07:22,351 [INFO] UtilMem:75 - End SaveConfig() Used Memory: 487643792 Bytes (638582784)
2023-04-14 12:07:22,962 [INFO] ServerAccessManage:473 - Download File stm32cube_fw_f4_v1270.zip
2023-04-14 12:07:25,521 [ERROR] ServerAccessManage:651 - User Cancel Download : stm32cube_fw_f4_v1270.zip.
2023-04-14 12:07:25,646 [INFO] LoadServerPackagesThread:196 - End of LoadServerPackages Thread
2023-04-14 12:07:25,798 [INFO] ThirdPartyModel:298 - Start build external matchings
2023-04-14 12:07:26,413 [INFO] ThirdPartyModel:316 - End build external matchings
2023-04-14 12:07:26,425 [INFO] CheckServerUpdateThread:120 - End of CheckServer Thread
2023-04-14 12:07:30,541 [INFO] McuFinderGlobals:66 - Set McuFinderConnectedMode to true
2023-04-14 12:07:30,541 [INFO] ApiDb:448 - Save user favorites file C:\Users\debugalizer/.stm32cubeide/favorites.mcus.txt: 0 item(s)
2023-04-14 12:07:30,541 [INFO] ApiDb:452 - User favorites MCUs=[]
2023-04-14 12:08:48,840 [INFO] MainUpdater:2854 - connection check result : 10
2023-04-14 12:08:49,037 [INFO] McuFinderGlobals:66 - Set McuFinderConnectedMode to true
2023-04-14 12:08:49,040 [INFO] MultiScanPanel:200 - Auto-refresh data requested => check proxy status ongoing
2023-04-14 12:08:49,042 [INFO] FinderPluginLoader:95 - Searching for filters in installed packs
2023-04-14 12:08:49,830 [INFO] LoadUrlFilesThread:185 - End of LoadServerUrlFiles without Thread
2023-04-14 12:08:49,831 [INFO] DetailPanel:341 - Set advertising image to C:/Users/debugalizer/STM32Cube/Repository/\en.prom-stm32h5-mcu-finder.jpg
2023-04-14 12:09:02,427 [INFO] McuFinderGlobals:66 - Set McuFinderConnectedMode to true
2023-04-14 12:09:03,014 [INFO] ApiDb:448 - Save user favorites file C:\Users\debugalizer/.stm32cubeide/favorites.mcus.txt: 0 item(s)
2023-04-14 12:09:03,014 [INFO] ApiDb:452 - User favorites MCUs=[]
2023-04-14 12:09:12,537 [INFO] MainUpdater:2854 - connection check result : 10
2023-04-14 12:09:12,720 [INFO] McuFinderGlobals:66 - Set McuFinderConnectedMode to true
2023-04-14 12:09:12,722 [INFO] MultiScanPanel:200 - Auto-refresh data requested => check proxy status ongoing
2023-04-14 12:09:12,722 [INFO] FinderPluginLoader:95 - Searching for filters in installed packs
2023-04-14 12:09:13,726 [INFO] LoadUrlFilesThread:185 - End of LoadServerUrlFiles without Thread
2023-04-14 12:09:13,726 [INFO] DetailPanel:341 - Set advertising image to C:/Users/debugalizer/STM32Cube/Repository/\en.prom-stm32h5-mcu-finder.jpg
2023-04-14 12:10:11,095 [INFO] McuFinderGlobals:66 - Set McuFinderConnectedMode to true
2023-04-14 12:10:11,095 [INFO] ApiDb:448 - Save user favorites file C:\Users\debugalizer/.stm32cubeide/favorites.mcus.txt: 0 item(s)
2023-04-14 12:10:11,098 [INFO] ApiDb:452 - User favorites MCUs=[]
